e:\c++project\pc_imageedit_sciter\pc_imageedit_sciter\x64\debug\pc_imageedit_sciter.pch
e:\c++project\pc_imageedit_sciter\pc_imageedit_sciter\x64\debug\vc120.pdb
e:\c++project\pc_imageedit_sciter\pc_imageedit_sciter\x64\debug\vc120.idb
e:\c++project\pc_imageedit_sciter\pc_imageedit_sciter\x64\debug\stdafx.obj
e:\c++project\pc_imageedit_sciter\pc_imageedit_sciter\x64\debug\childview.obj
e:\c++project\pc_imageedit_sciter\pc_imageedit_sciter\x64\debug\mainfrm.obj
e:\c++project\pc_imageedit_sciter\pc_imageedit_sciter\x64\debug\imageeditapp.obj
e:\c++project\pc_imageedit_sciter\pc_imageedit_sciter\x64\debug\mupdfconvert.obj
e:\c++project\pc_imageedit_sciter\pc_imageedit_sciter\x64\debug\pdf2png.obj
e:\c++project\pc_imageedit_sciter\pc_imageedit_sciter\x64\debug\pc_imageedit_sciter.res
e:\c++project\pc_imageedit_sciter\pc_imageedit_sciter\x64\debug\pc_image.49bdd044.tlog\cl.command.1.tlog
e:\c++project\pc_imageedit_sciter\pc_imageedit_sciter\x64\debug\pc_image.49bdd044.tlog\cl.read.1.tlog
e:\c++project\pc_imageedit_sciter\pc_imageedit_sciter\x64\debug\pc_image.49bdd044.tlog\cl.write.1.tlog
e:\c++project\pc_imageedit_sciter\pc_imageedit_sciter\x64\debug\pc_image.49bdd044.tlog\link-cvtres.read.1.tlog
e:\c++project\pc_imageedit_sciter\pc_imageedit_sciter\x64\debug\pc_image.49bdd044.tlog\link-cvtres.write.1.tlog
e:\c++project\pc_imageedit_sciter\pc_imageedit_sciter\x64\debug\pc_image.49bdd044.tlog\link-mt.read.1.tlog
e:\c++project\pc_imageedit_sciter\pc_imageedit_sciter\x64\debug\pc_image.49bdd044.tlog\link-mt.write.1.tlog
e:\c++project\pc_imageedit_sciter\pc_imageedit_sciter\x64\debug\pc_image.49bdd044.tlog\link-rc.read.1.tlog
e:\c++project\pc_imageedit_sciter\pc_imageedit_sciter\x64\debug\pc_image.49bdd044.tlog\link-rc.write.1.tlog
e:\c++project\pc_imageedit_sciter\pc_imageedit_sciter\x64\debug\pc_image.49bdd044.tlog\link.command.1.tlog
e:\c++project\pc_imageedit_sciter\pc_imageedit_sciter\x64\debug\pc_image.49bdd044.tlog\link.read.1.tlog
e:\c++project\pc_imageedit_sciter\pc_imageedit_sciter\x64\debug\pc_image.49bdd044.tlog\link.write.1.tlog
e:\c++project\pc_imageedit_sciter\pc_imageedit_sciter\x64\debug\pc_image.49bdd044.tlog\rc.command.1.tlog
e:\c++project\pc_imageedit_sciter\pc_imageedit_sciter\x64\debug\pc_image.49bdd044.tlog\rc.read.1.tlog
e:\c++project\pc_imageedit_sciter\pc_imageedit_sciter\x64\debug\pc_image.49bdd044.tlog\rc.write.1.tlog
