get ocr...
lines...
num...
lines: 60
ocr...
reg 343 525 57 18
esg...
reg done...
ocr...
reg 429 525 607 25
esg...
reg done...
ocr...
reg 1042 532 32 14
esg...
reg done...
reg 1081 525 109 25
esg...
reg done...
ocr...
reg 338 554 13 10
esg...
reg done...
ocr...
reg 379 556 160 18
esg...
reg done...
ocr...
reg 1136 565 5 14
esg...
reg done...
ocr...
reg 1185 566 5 13
esg...
reg done...
ocr...
reg 378 589 63 16
esg...
reg done...
ocr...
reg 542 591 60 15
esg...
reg done...
ocr...
reg 796 593 60 15
esg...
reg done...
ocr...
reg 1050 596 61 14
esg...
reg done...
get ocr...
lines...
num...
lines: 60
ocr...
reg 343 525 57 18
esg...
reg done...
ocr...
reg 429 525 607 25
esg...
reg done...
ocr...
reg 1042 532 32 14
esg...
reg done...
reg 1081 525 109 25
esg...
reg done...
ocr...
reg 338 554 13 10
esg...
reg done...
ocr...
reg 379 556 160 18
esg...
reg done...
ocr...
reg 1136 565 5 14
esg...
reg done...
ocr...
reg 1185 566 5 13
esg...
reg done...
ocr...
reg 378 589 63 16
esg...
reg done...
ocr...
reg 542 591 60 15
esg...
reg done...
ocr...
reg 796 593 60 15
esg...
reg done...
ocr...
reg 1050 596 61 14
esg...
reg done...
get ocr...
lines...
num...
lines: 60
ocr...
reg 343 525 57 18
esg...
reg done...
ocr...
reg 429 525 607 25
esg...
reg done...
ocr...
reg 1042 532 32 14
esg...
reg done...
reg 1081 525 109 25
esg...
reg done...
ocr...
reg 338 554 13 10
esg...
reg done...
ocr...
reg 379 556 160 18
esg...
reg done...
ocr...
reg 1136 565 5 14
esg...
reg done...
ocr...
reg 1185 566 5 13
esg...
reg done...
ocr...
reg 378 589 63 16
esg...
reg done...
ocr...
reg 542 591 60 15
esg...
reg done...
ocr...
reg 796 593 60 15
esg...
reg done...
ocr...
reg 1050 596 61 14
esg...
reg done...
get ocr...
lines...
num...
lines: 60
ocr...
reg 343 525 57 18
esg...
reg done...
ocr...
reg 429 525 607 25
esg...
reg done...
ocr...
reg 1042 532 32 14
esg...
reg done...
reg 1081 525 109 25
esg...
reg done...
ocr...
reg 338 554 13 10
esg...
reg done...
ocr...
reg 379 556 160 18
esg...
reg done...
ocr...
reg 1136 565 5 14
esg...
reg done...
ocr...
reg 1185 566 5 13
esg...
reg done...
ocr...
reg 378 589 63 16
esg...
reg done...
ocr...
reg 542 591 60 15
esg...
reg done...
ocr...
reg 796 593 60 15
esg...
reg done...
ocr...
reg 1050 596 61 14
esg...
reg done...
ocr...
reg 269 621 44 15
esg...
reg done...
ocr...
reg 340 620 397 24
esg...
reg done...
ocr...
reg 743 626 37 14
esg...
reg done...
reg 787 620 268 24
esg...
reg done...
ocr...
reg 1135 629 6 14
esg...
reg done...
ocr...
reg 1184 630 5 14
esg...
reg done...
ocr...
reg 293 655 55 35
esg...
reg done...
ocr...
reg 541 666 61 15
esg...
reg done...
ocr...
reg 795 659 54 35
esg...
reg done...
ocr...
reg 1049 671 62 15
esg...
reg done...
ocr...
reg 268 708 44 14
esg...
reg done...
ocr...
reg 339 707 310 23
esg...
reg done...
ocr...
reg 656 711 41 15
esg...
reg done...
reg 705 707 484 23
esg...
reg done...
ocr...
reg 292 739 149 18
esg...
reg done...
ocr...
reg 1134 748 5 14
esg...
reg done...
ocr...
reg 1183 749 5 14
esg...
reg done...
ocr...
reg 292 773 51 14
esg...
reg done...
ocr...
reg 540 775 49 14
esg...
reg done...
ocr...
reg 794 777 49 14
esg...
reg done...
ocr...
reg 1048 779 51 15
esg...
reg done...
ocr...
reg 265 990 44 14
esg...
reg done...
ocr...
ocr...
reg 343 991 139 15
esg...
reg done...
reg 490 990 564 22
esg...
reg done...
ocr...
reg 1060 996 22 14
esg...
reg done...
reg 1091 990 97 22
esg...
reg done...
ocr...
reg 290 1021 273 19
esg...
reg done...
ocr...
reg 1132 1029 5 15
esg...
reg done...
ocr...
reg 1180 1030 6 14
esg...
reg done...
ocr...
reg 289 1055 83 14
esg...
reg done...
ocr...
reg 538 1056 61 15
esg...
reg done...
ocr...
reg 792 1058 60 15
esg...
reg done...
ocr...
reg 1045 1061 62 14
esg...
reg done...
ocr...
reg 264 1098 44 14
esg...
reg done...
ocr...
reg 335 1089 210 36
esg...
reg done...
ocr...
reg 545 1088 17 17
esg...
reg done...
ocr...
reg 545 1111 17 17
esg...
reg done...
reg 563 1089 33 36
esg...
reg done...
ocr...
reg 596 1089 17 17
esg...
reg done...
ocr...
reg 596 1112 17 17
esg...
reg done...
reg 614 1089 219 36
esg...
reg done...
ocr...
reg 1131 1105 5 14
esg...
reg done...
ocr...
reg 1180 1105 5 14
esg...
reg done...
ocr...
reg 289 1141 81 14
esg...
reg done...
ocr...
reg 537 1143 109 14
esg...
reg done...
ocr...
reg 791 1144 151 17
esg...
reg done...
ocr...
reg 1045 1147 62 14
esg...
reg done...
ocr...
reg 264 1172 163 19
esg...
reg done...
ocr...
reg 266 1174 13 3
esg...
reg done...
ocr...
reg 263 1205 46 15
esg...
reg done...
ocr...
reg 338 1205 454 23
esg...
reg done...
ocr...
reg 916 1209 73 19
esg...
reg done...
ocr...
reg 263 1238 46 14
esg...
reg done...
ocr...
reg 338 1237 428 24
esg...
reg done...
ocr...
reg 263 1270 45 15
esg...
reg done...
ocr...
reg 336 1269 847 28
esg...
reg done...
ocr...
reg 288 1301 399 24
esg...
reg done...
ocr...
reg 262 1335 44 14
esg...
reg done...
ocr...
reg 334 1334 766 23
esg...
reg done...
ocr...
reg 1177 1354 3 2
esg...
reg done...
ocr...
reg 262 1569 53 14
esg...
reg done...
ocr...
reg 341 1568 841 22
esg...
reg done...
ocr...
reg 295 1600 158 20
esg...
reg done...
get ocr...
lines...
num...
lines: 24
ocr...
reg 107 357 600 25
esg...
reg done...
ocr...
reg 148 398 461 25
esg...
reg done...
ocr...
reg 148 442 371 23
esg...
reg done...
ocr...
reg 107 849 596 25
esg...
reg done...
ocr...
reg 147 889 244 26
esg...
reg done...
ocr...
ocr...
reg 117 935 20 21
esg...
reg done...
reg 145 933 248 23
esg...
reg done...
ocr...
ocr...
reg 116 976 21 21
esg...
reg done...
reg 145 975 468 23
esg...
reg done...
ocr...
reg 762 357 43 25
esg...
reg done...
ocr...
reg 811 362 144 20
esg...
reg done...
reg 962 357 402 25
esg...
reg done...
ocr...
reg 803 398 561 25
esg...
reg done...
ocr...
reg 803 440 204 23
esg...
reg done...
ocr...
ocr...
reg 771 485 21 21
esg...
reg done...
reg 800 482 387 24
esg...
reg done...
ocr...
ocr...
reg 771 526 21 21
esg...
reg done...
reg 800 522 450 25
esg...
reg done...
ocr...
reg 762 882 599 25
esg...
reg done...
ocr...
reg 804 921 558 26
esg...
reg done...
ocr...
reg 805 966 143 23
esg...
reg done...
ocr...
reg 1155 961 205 26
esg...
reg done...
ocr...
ocr...
reg 771 1009 21 22
esg...
reg done...
reg 800 1005 550 26
esg...
reg done...
ocr...
ocr...
reg 771 1050 21 22
esg...
reg done...
reg 800 1046 561 26
esg...
reg done...
ocr...
reg 806 1087 555 25
esg...
reg done...
ocr...
reg 805 1128 557 26
esg...
reg done...
ocr...
reg 807 1171 53 21
esg...
reg done...
ocr...
ocr...
reg 771 1215 21 21
esg...
reg done...
reg 800 1213 398 24
esg...
reg done...
ocr...
reg 808 1248 553 29
esg...
reg done...
ocr...
reg 807 1296 52 21
esg...
reg done...
get ocr...
lines...
num...
lines: 22
ocr...
reg 202 553 91 24
esg...
reg done...
ocr...
reg 293 508 27 22
esg...
reg done...
ocr...
reg 293 536 17 37
esg...
reg done...
reg 321 553 426 24
esg...
reg done...
ocr...
reg 238 591 207 23
esg...
reg done...
ocr...
ocr...
reg 212 630 16 22
esg...
reg done...
reg 237 628 177 24
esg...
reg done...
ocr...
ocr...
reg 212 667 16 23
esg...
reg done...
reg 237 666 275 24
esg...
reg done...
ocr...
reg 202 1063 549 24
esg...
reg done...
ocr...
reg 242 1102 437 22
esg...
reg done...
ocr...
reg 202 1579 226 23
esg...
reg done...
ocr...
reg 489 1579 7 23
esg...
reg done...
ocr...
reg 238 1616 301 24
esg...
reg done...
ocr...
reg 238 1654 513 23
esg...
reg done...
ocr...
reg 238 1692 102 23
esg...
reg done...
ocr...
reg 238 1729 466 25
esg...
reg done...
ocr...
reg 238 1766 418 24
esg...
reg done...
ocr...
reg 238 1803 500 24
get ocr...
lines...
num...
lines: 56
ocr...
reg 126 646 57 18
esg...
reg done...
ocr...
reg 218 644 515 30
esg...
reg done...
ocr...
reg 741 651 48 18
esg...
reg done...
reg 798 644 347 30
esg...
reg done...
ocr...
reg 1249 656 7 18
esg...
reg done...
ocr...
reg 1313 657 6 18
esg...
reg done...
ocr...
reg 157 690 73 45
esg...
reg done...
ocr...
reg 479 704 79 19
esg...
reg done...
ocr...
reg 809 695 69 45
esg...
reg done...
ocr...
reg 1137 710 80 19
esg...
reg done...
ocr...
reg 125 758 57 18
esg...
reg done...
ocr...
reg 217 756 402 31
esg...
reg done...
ocr...
reg 627 762 55 19
esg...
reg done...
reg 691 756 627 31
esg...
reg done...
ocr...
reg 156 799 193 23
esg...
reg done...
ocr...
reg 1248 810 7 18
esg...
reg done...
ocr...
reg 1311 811 7 18
esg...
reg done...
ocr...
reg 156 842 66 19
esg...
reg done...
ocr...
reg 478 845 63 18
esg...
reg done...
ocr...
reg 807 847 64 19
esg...
reg done...
ocr...
reg 1136 850 66 19
esg...
reg done...
ocr...
reg 121 1123 58 18
esg...
reg done...
ocr...
ocr...
reg 223 1124 180 20
esg...
reg done...
reg 412 1123 732 29
esg...
reg done...
ocr...
reg 1151 1132 44 18
esg...
reg done...
reg 1203 1123 114 29
esg...
reg done...
ocr...
reg 154 1163 353 25
esg...
reg done...
ocr...
reg 1245 1174 7 19
esg...
reg done...
ocr...
reg 1308 1175 6 18
esg...
reg done...
ocr...
reg 153 1207 107 19
esg...
reg done...
ocr...
reg 475 1210 79 18
esg...
reg done...
ocr...
reg 804 1212 78 19
esg...
reg done...
ocr...
reg 1133 1215 79 18
esg...
reg done...
ocr...
reg 121 1263 57 18
esg...
reg done...
ocr...
reg 213 1252 272 46
esg...
reg done...
ocr...
reg 485 1251 22 22
esg...
reg done...
ocr...
reg 485 1279 22 22
esg...
reg done...
reg 508 1252 42 46
esg...
reg done...
ocr...
reg 550 1252 23 22
esg...
reg done...
ocr...
reg 550 1280 23 22
esg...
reg done...
reg 574 1252 283 46
esg...
reg done...
ocr...
reg 1244 1272 7 19
esg...
reg done...
ocr...
reg 1307 1273 7 18
esg...
reg done...
ocr...
reg 152 1319 106 19
esg...
reg done...
ocr...
reg 474 1322 142 18
esg...
reg done...
ocr...
reg 803 1323 195 22
esg...
reg done...
ocr...
reg 1132 1327 80 18
esg...
reg done...
ocr...
reg 120 1359 212 25
esg...
reg done...
ocr...
reg 123 1362 17 3
esg...
reg done...
ocr...
reg 120 1403 59 19
esg...
reg done...
ocr...
reg 217 1402 331 25
esg...
reg done...
ocr...
reg 658 1405 147 25
esg...
reg done...
ocr...
reg 966 1407 93 25
esg...
reg done...
ocr...
reg 119 1445 59 19
esg...
reg done...
ocr...
reg 216 1443 440 27
esg...
reg done...
ocr...
reg 766 1464 4 4
esg...
reg done...
ocr...
reg 119 1487 59 18
esg...
reg done...
ocr...
reg 214 1486 484 25
esg...
reg done...
ocr...
reg 700 1489 500 28
esg...
reg done...
ocr...
reg 805 1503 5 8
esg...
reg done...
ocr...
reg 1307 1504 4 12
esg...
reg done...
ocr...
reg 152 1527 408 25
esg...
reg done...
ocr...
reg 665 1547 4 4
esg...
reg done...
ocr...
reg 118 1571 57 18
esg...
reg done...
ocr...
reg 210 1569 993 30
esg...
reg done...
ocr...
reg 1304 1595 4 3
esg...
reg done...
ocr...
reg 117 1874 69 18
esg...
reg done...
ocr...
reg 220 1872 1090 29
esg...
reg done...
ocr...
reg 160 1914 205 25
esg...
reg done...
get ocr...
lines...
num...
lines: 56
ocr...
reg 126 646 57 18
esg...
reg done...
ocr...
reg 218 644 515 30
esg...
reg done...
ocr...
reg 741 651 48 18
esg...
reg done...
reg 798 644 347 30
esg...
reg done...
ocr...
reg 1249 656 7 18
esg...
reg done...
ocr...
reg 1313 657 6 18
esg...
reg done...
ocr...
reg 157 690 73 45
esg...
reg done...
ocr...
reg 479 704 79 19
esg...
reg done...
ocr...
reg 809 695 69 45
esg...
reg done...
ocr...
reg 1137 710 80 19
esg...
reg done...
ocr...
reg 126 646 57 18
esg...
reg done...
ocr...
reg 218 644 515 30
esg...
reg done...
ocr...
reg 741 651 48 18
esg...
reg done...
reg 798 644 347 30
esg...
reg done...
ocr...
reg 1249 656 7 18
esg...
reg done...
ocr...
reg 1313 657 6 18
esg...
reg done...
ocr...
reg 157 690 73 45
esg...
reg done...
ocr...
reg 479 704 79 19
esg...
reg done...
ocr...
reg 809 695 69 45
esg...
reg done...
ocr...
reg 1137 710 80 19
esg...
reg done...
ocr...
reg 125 758 57 18
esg...
reg done...
ocr...
reg 217 756 402 31
esg...
reg done...
ocr...
reg 627 762 55 19
esg...
reg done...
reg 691 756 627 31
esg...
reg done...
ocr...
reg 156 799 193 23
esg...
reg done...
ocr...
reg 1248 810 7 18
esg...
reg done...
ocr...
reg 1311 811 7 18
esg...
reg done...
ocr...
reg 156 842 66 19
esg...
reg done...
ocr...
reg 478 845 63 18
esg...
reg done...
ocr...
reg 807 847 64 19
esg...
reg done...
ocr...
reg 1136 850 66 19
esg...
reg done...
ocr...
reg 125 758 57 18
esg...
reg done...
ocr...
reg 217 756 402 31
esg...
reg done...
ocr...
reg 627 762 55 19
esg...
reg done...
reg 691 756 627 31
esg...
reg done...
ocr...
reg 156 799 193 23
esg...
reg done...
ocr...
reg 1248 810 7 18
esg...
reg done...
ocr...
reg 1311 811 7 18
esg...
reg done...
ocr...
reg 156 842 66 19
esg...
reg done...
ocr...
reg 478 845 63 18
esg...
reg done...
ocr...
reg 807 847 64 19
esg...
reg done...
ocr...
reg 1136 850 66 19
esg...
reg done...
ocr...
reg 121 1123 58 18
esg...
reg done...
ocr...
ocr...
reg 223 1124 180 20
esg...
reg done...
reg 412 1123 732 29
esg...
reg done...
ocr...
reg 1151 1132 44 18
esg...
reg done...
reg 1203 1123 114 29
esg...
reg done...
ocr...
reg 154 1163 353 25
esg...
reg done...
ocr...
reg 1245 1174 7 19
esg...
reg done...
ocr...
reg 1308 1175 6 18
esg...
reg done...
ocr...
reg 153 1207 107 19
esg...
reg done...
ocr...
reg 475 1210 79 18
esg...
reg done...
ocr...
reg 804 1212 78 19
esg...
reg done...
ocr...
reg 1133 1215 79 18
esg...
reg done...
ocr...
reg 121 1123 58 18
esg...
reg done...
ocr...
ocr...
reg 223 1124 180 20
esg...
reg done...
reg 412 1123 732 29
esg...
reg done...
ocr...
reg 1151 1132 44 18
esg...
reg done...
reg 1203 1123 114 29
esg...
reg done...
ocr...
reg 154 1163 353 25
esg...
reg done...
ocr...
reg 1245 1174 7 19
esg...
reg done...
ocr...
reg 1308 1175 6 18
esg...
reg done...
ocr...
reg 153 1207 107 19
esg...
reg done...
ocr...
reg 475 1210 79 18
esg...
reg done...
ocr...
reg 804 1212 78 19
esg...
reg done...
ocr...
reg 1133 1215 79 18
esg...
reg done...
ocr...
reg 121 1263 57 18
esg...
reg done...
ocr...
reg 213 1252 272 46
esg...
reg done...
ocr...
reg 485 1251 22 22
esg...
reg done...
ocr...
reg 485 1279 22 22
esg...
reg done...
reg 508 1252 42 46
esg...
reg done...
ocr...
reg 550 1252 23 22
esg...
reg done...
ocr...
reg 550 1280 23 22
esg...
reg done...
reg 574 1252 283 46
esg...
reg done...
ocr...
reg 1244 1272 7 19
esg...
reg done...
ocr...
reg 1307 1273 7 18
esg...
reg done...
ocr...
reg 152 1319 106 19
esg...
reg done...
ocr...
reg 474 1322 142 18
esg...
reg done...
ocr...
reg 803 1323 195 22
esg...
reg done...
ocr...
reg 1132 1327 80 18
esg...
reg done...
ocr...
reg 120 1359 212 25
esg...
reg done...
ocr...
reg 123 1362 17 3
esg...
reg done...
ocr...
reg 121 1263 57 18
esg...
reg done...
ocr...
reg 213 1252 272 46
esg...
reg done...
ocr...
reg 485 1251 22 22
esg...
reg done...
ocr...
reg 485 1279 22 22
esg...
reg done...
reg 508 1252 42 46
esg...
reg done...
ocr...
reg 550 1252 23 22
esg...
reg done...
ocr...
reg 550 1280 23 22
esg...
reg done...
reg 574 1252 283 46
esg...
reg done...
ocr...
reg 1244 1272 7 19
esg...
reg done...
ocr...
reg 1307 1273 7 18
esg...
reg done...
ocr...
reg 152 1319 106 19
esg...
reg done...
ocr...
reg 474 1322 142 18
esg...
reg done...
ocr...
reg 803 1323 195 22
esg...
reg done...
ocr...
reg 1132 1327 80 18
esg...
reg done...
ocr...
reg 120 1359 212 25
esg...
reg done...
ocr...
reg 123 1362 17 3
esg...
reg done...
ocr...
reg 120 1403 59 19
esg...
reg done...
ocr...
reg 217 1402 331 25
esg...
reg done...
ocr...
reg 658 1405 147 25
esg...
reg done...
ocr...
reg 966 1407 93 25
esg...
reg done...
ocr...
reg 120 1403 59 19
esg...
reg done...
ocr...
reg 217 1402 331 25
esg...
reg done...
ocr...
reg 658 1405 147 25
esg...
reg done...
ocr...
reg 966 1407 93 25
esg...
reg done...
ocr...
reg 119 1445 59 19
esg...
reg done...
ocr...
reg 216 1443 440 27
esg...
reg done...
ocr...
reg 766 1464 4 4
esg...
reg done...
ocr...
reg 119 1445 59 19
esg...
reg done...
ocr...
reg 216 1443 440 27
esg...
reg done...
ocr...
reg 766 1464 4 4
esg...
reg done...
ocr...
reg 119 1487 59 18
esg...
reg done...
ocr...
reg 214 1486 484 25
esg...
reg done...
ocr...
reg 700 1489 500 28
esg...
reg done...
ocr...
reg 805 1503 5 8
esg...
reg done...
ocr...
reg 1307 1504 4 12
esg...
reg done...
ocr...
reg 152 1527 408 25
esg...
reg done...
ocr...
reg 665 1547 4 4
esg...
reg done...
ocr...
reg 119 1487 59 18
esg...
reg done...
ocr...
reg 214 1486 484 25
esg...
reg done...
ocr...
reg 700 1489 500 28
esg...
reg done...
ocr...
reg 805 1503 5 8
esg...
reg done...
ocr...
reg 1307 1504 4 12
esg...
reg done...
ocr...
reg 152 1527 408 25
esg...
reg done...
ocr...
reg 665 1547 4 4
esg...
reg done...
ocr...
reg 118 1571 57 18
esg...
reg done...
ocr...
reg 210 1569 993 30
esg...
reg done...
ocr...
reg 1304 1595 4 3
esg...
reg done...
ocr...
reg 118 1571 57 18
esg...
reg done...
ocr...
reg 210 1569 993 30
esg...
reg done...
ocr...
reg 1304 1595 4 3
esg...
reg done...
ocr...
reg 117 1874 69 18
esg...
reg done...
ocr...
reg 220 1872 1090 29
esg...
reg done...
ocr...
reg 160 1914 205 25
esg...
reg done...
ocr...
reg 117 1874 69 18
esg...
reg done...
ocr...
reg 220 1872 1090 29
esg...
reg done...
ocr...
reg 160 1914 205 25
esg...
reg done...
get ocr...
lines...
num...
lines: 56
ocr...
reg 126 646 57 18
esg...
reg done...
ocr...
reg 218 644 515 30
esg...
reg done...
ocr...
reg 741 651 48 18
esg...
reg done...
reg 798 644 347 30
esg...
reg done...
ocr...
reg 1249 656 7 18
esg...
reg done...
ocr...
reg 1313 657 6 18
esg...
reg done...
ocr...
reg 157 690 73 45
esg...
reg done...
ocr...
reg 479 704 79 19
esg...
reg done...
ocr...
reg 809 695 69 45
esg...
reg done...
ocr...
reg 1137 710 80 19
esg...
reg done...
ocr...
reg 125 758 57 18
esg...
reg done...
ocr...
reg 217 756 402 31
esg...
reg done...
ocr...
reg 627 762 55 19
esg...
reg done...
reg 691 756 627 31
esg...
reg done...
ocr...
reg 156 799 193 23
esg...
reg done...
ocr...
reg 1248 810 7 18
esg...
reg done...
ocr...
reg 1311 811 7 18
esg...
reg done...
ocr...
reg 156 842 66 19
esg...
reg done...
ocr...
reg 478 845 63 18
esg...
reg done...
ocr...
reg 807 847 64 19
esg...
reg done...
ocr...
reg 1136 850 66 19
esg...
reg done...
ocr...
reg 121 1123 58 18
esg...
reg done...
ocr...
ocr...
reg 223 1124 180 20
esg...
reg done...
reg 412 1123 732 29
esg...
reg done...
ocr...
reg 1151 1132 44 18
esg...
reg done...
reg 1203 1123 114 29
esg...
reg done...
ocr...
reg 154 1163 353 25
esg...
reg done...
ocr...
reg 1245 1174 7 19
esg...
reg done...
ocr...
reg 1308 1175 6 18
esg...
reg done...
ocr...
reg 153 1207 107 19
esg...
reg done...
ocr...
reg 475 1210 79 18
esg...
reg done...
ocr...
reg 804 1212 78 19
esg...
reg done...
ocr...
reg 1133 1215 79 18
esg...
reg done...
ocr...
reg 121 1263 57 18
esg...
reg done...
ocr...
reg 213 1252 272 46
esg...
reg done...
ocr...
reg 485 1251 22 22
esg...
reg done...
ocr...
reg 485 1279 22 22
esg...
reg done...
reg 508 1252 42 46
esg...
reg done...
ocr...
reg 550 1252 23 22
esg...
reg done...
ocr...
reg 550 1280 23 22
esg...
reg done...
reg 574 1252 283 46
esg...
reg done...
ocr...
reg 1244 1272 7 19
esg...
reg done...
ocr...
reg 1307 1273 7 18
esg...
reg done...
ocr...
reg 152 1319 106 19
esg...
reg done...
ocr...
reg 474 1322 142 18
esg...
reg done...
ocr...
reg 803 1323 195 22
esg...
reg done...
ocr...
reg 1132 1327 80 18
esg...
reg done...
ocr...
reg 120 1359 212 25
esg...
reg done...
ocr...
reg 123 1362 17 3
esg...
reg done...
ocr...
reg 120 1403 59 19
esg...
reg done...
ocr...
reg 217 1402 331 25
esg...
reg done...
ocr...
reg 658 1405 147 25
esg...
reg done...
ocr...
reg 966 1407 93 25
esg...
reg done...
ocr...
reg 119 1445 59 19
esg...
reg done...
ocr...
reg 216 1443 440 27
esg...
reg done...
ocr...
reg 766 1464 4 4
esg...
reg done...
ocr...
reg 119 1487 59 18
esg...
reg done...
ocr...
reg 214 1486 484 25
esg...
reg done...
ocr...
reg 700 1489 500 28
esg...
reg done...
ocr...
reg 805 1503 5 8
esg...
reg done...
ocr...
reg 1307 1504 4 12
esg...
reg done...
ocr...
reg 152 1527 408 25
esg...
reg done...
ocr...
reg 665 1547 4 4
esg...
reg done...
ocr...
reg 118 1571 57 18
esg...
reg done...
ocr...
reg 210 1569 993 30
esg...
reg done...
ocr...
reg 1304 1595 4 3
esg...
reg done...
ocr...
reg 117 1874 69 18
esg...
reg done...
ocr...
reg 220 1872 1090 29
esg...
reg done...
ocr...
reg 160 1914 205 25
esg...
reg done...
get ocr...
lines...
num...
lines: 56
ocr...
reg 126 646 57 18
esg...
reg done...
ocr...
reg 218 644 515 30
esg...
reg done...
ocr...
reg 741 651 48 18
esg...
reg done...
reg 798 644 347 30
esg...
reg done...
ocr...
reg 1249 656 7 18
esg...
reg done...
ocr...
reg 1313 657 6 18
esg...
reg done...
ocr...
reg 157 690 73 45
esg...
reg done...
ocr...
reg 479 704 79 19
esg...
reg done...
ocr...
reg 809 695 69 45
esg...
reg done...
ocr...
reg 1137 710 80 19
esg...
reg done...
ocr...
reg 126 646 57 18
esg...
reg done...
ocr...
reg 218 644 515 30
esg...
reg done...
ocr...
reg 741 651 48 18
esg...
reg done...
reg 798 644 347 30
esg...
reg done...
ocr...
reg 1249 656 7 18
esg...
reg done...
ocr...
reg 1313 657 6 18
esg...
reg done...
ocr...
reg 157 690 73 45
esg...
reg done...
ocr...
reg 479 704 79 19
esg...
reg done...
ocr...
reg 809 695 69 45
esg...
reg done...
ocr...
reg 1137 710 80 19
esg...
reg done...
ocr...
reg 125 758 57 18
esg...
reg done...
ocr...
reg 217 756 402 31
esg...
reg done...
ocr...
reg 627 762 55 19
esg...
reg done...
reg 691 756 627 31
esg...
reg done...
ocr...
reg 156 799 193 23
esg...
reg done...
ocr...
reg 1248 810 7 18
esg...
reg done...
ocr...
reg 1311 811 7 18
esg...
reg done...
ocr...
reg 156 842 66 19
esg...
reg done...
ocr...
reg 478 845 63 18
esg...
reg done...
ocr...
reg 807 847 64 19
esg...
reg done...
ocr...
reg 1136 850 66 19
esg...
reg done...
ocr...
reg 125 758 57 18
esg...
reg done...
ocr...
reg 217 756 402 31
esg...
reg done...
ocr...
reg 627 762 55 19
esg...
reg done...
reg 691 756 627 31
esg...
reg done...
ocr...
reg 156 799 193 23
esg...
reg done...
ocr...
reg 1248 810 7 18
esg...
reg done...
ocr...
reg 1311 811 7 18
esg...
reg done...
ocr...
reg 156 842 66 19
esg...
reg done...
ocr...
reg 478 845 63 18
esg...
reg done...
ocr...
reg 807 847 64 19
esg...
reg done...
ocr...
reg 1136 850 66 19
esg...
reg done...
ocr...
reg 121 1123 58 18
esg...
reg done...
ocr...
ocr...
reg 223 1124 180 20
esg...
reg done...
reg 412 1123 732 29
esg...
reg done...
ocr...
reg 1151 1132 44 18
esg...
reg done...
reg 1203 1123 114 29
esg...
reg done...
ocr...
reg 154 1163 353 25
esg...
reg done...
ocr...
reg 1245 1174 7 19
esg...
reg done...
ocr...
reg 1308 1175 6 18
esg...
reg done...
ocr...
reg 153 1207 107 19
esg...
reg done...
ocr...
reg 475 1210 79 18
esg...
reg done...
ocr...
reg 804 1212 78 19
esg...
reg done...
ocr...
reg 1133 1215 79 18
esg...
reg done...
ocr...
reg 121 1123 58 18
esg...
reg done...
ocr...
ocr...
reg 223 1124 180 20
esg...
reg done...
reg 412 1123 732 29
esg...
reg done...
ocr...
reg 1151 1132 44 18
esg...
reg done...
reg 1203 1123 114 29
esg...
reg done...
ocr...
reg 154 1163 353 25
esg...
reg done...
ocr...
reg 1245 1174 7 19
esg...
reg done...
ocr...
reg 1308 1175 6 18
esg...
reg done...
ocr...
reg 153 1207 107 19
esg...
reg done...
ocr...
reg 475 1210 79 18
esg...
reg done...
ocr...
reg 804 1212 78 19
esg...
reg done...
ocr...
reg 1133 1215 79 18
esg...
reg done...
ocr...
reg 121 1263 57 18
esg...
reg done...
ocr...
reg 213 1252 272 46
esg...
reg done...
ocr...
reg 485 1251 22 22
esg...
reg done...
ocr...
reg 485 1279 22 22
esg...
reg done...
reg 508 1252 42 46
esg...
reg done...
ocr...
reg 550 1252 23 22
esg...
reg done...
ocr...
reg 550 1280 23 22
esg...
reg done...
reg 574 1252 283 46
esg...
reg done...
ocr...
reg 1244 1272 7 19
esg...
reg done...
ocr...
reg 1307 1273 7 18
esg...
reg done...
ocr...
reg 152 1319 106 19
esg...
reg done...
ocr...
reg 474 1322 142 18
esg...
reg done...
ocr...
reg 803 1323 195 22
esg...
reg done...
ocr...
reg 1132 1327 80 18
esg...
reg done...
ocr...
reg 120 1359 212 25
esg...
reg done...
ocr...
reg 123 1362 17 3
esg...
reg done...
ocr...
reg 121 1263 57 18
esg...
reg done...
ocr...
reg 213 1252 272 46
esg...
reg done...
ocr...
reg 485 1251 22 22
esg...
reg done...
ocr...
reg 485 1279 22 22
esg...
reg done...
reg 508 1252 42 46
esg...
reg done...
ocr...
reg 550 1252 23 22
esg...
reg done...
ocr...
reg 550 1280 23 22
esg...
reg done...
reg 574 1252 283 46
esg...
reg done...
ocr...
reg 1244 1272 7 19
esg...
reg done...
ocr...
reg 1307 1273 7 18
esg...
reg done...
ocr...
reg 152 1319 106 19
esg...
reg done...
ocr...
reg 474 1322 142 18
esg...
reg done...
ocr...
reg 803 1323 195 22
esg...
reg done...
ocr...
reg 1132 1327 80 18
esg...
reg done...
ocr...
reg 120 1359 212 25
esg...
reg done...
ocr...
reg 123 1362 17 3
esg...
reg done...
ocr...
reg 120 1403 59 19
esg...
reg done...
ocr...
reg 217 1402 331 25
esg...
reg done...
ocr...
reg 658 1405 147 25
esg...
reg done...
ocr...
reg 966 1407 93 25
esg...
reg done...
ocr...
reg 120 1403 59 19
esg...
reg done...
ocr...
reg 217 1402 331 25
esg...
reg done...
ocr...
reg 658 1405 147 25
esg...
reg done...
ocr...
reg 966 1407 93 25
esg...
reg done...
ocr...
reg 119 1445 59 19
esg...
reg done...
ocr...
reg 216 1443 440 27
esg...
reg done...
ocr...
reg 766 1464 4 4
esg...
reg done...
ocr...
reg 119 1445 59 19
esg...
reg done...
ocr...
reg 216 1443 440 27
esg...
reg done...
ocr...
reg 766 1464 4 4
esg...
reg done...
ocr...
reg 119 1487 59 18
esg...
reg done...
ocr...
reg 214 1486 484 25
esg...
reg done...
ocr...
reg 700 1489 500 28
esg...
reg done...
ocr...
reg 805 1503 5 8
esg...
reg done...
ocr...
reg 1307 1504 4 12
esg...
reg done...
ocr...
reg 152 1527 408 25
esg...
reg done...
ocr...
reg 665 1547 4 4
esg...
reg done...
ocr...
reg 119 1487 59 18
esg...
reg done...
ocr...
reg 214 1486 484 25
esg...
reg done...
ocr...
reg 700 1489 500 28
esg...
reg done...
ocr...
reg 805 1503 5 8
esg...
reg done...
ocr...
reg 1307 1504 4 12
esg...
reg done...
ocr...
reg 152 1527 408 25
esg...
reg done...
ocr...
reg 665 1547 4 4
esg...
reg done...
ocr...
reg 118 1571 57 18
esg...
reg done...
ocr...
reg 210 1569 993 30
esg...
reg done...
ocr...
reg 1304 1595 4 3
esg...
reg done...
ocr...
reg 118 1571 57 18
esg...
reg done...
ocr...
reg 210 1569 993 30
esg...
reg done...
ocr...
reg 1304 1595 4 3
esg...
reg done...
ocr...
reg 117 1874 69 18
esg...
reg done...
ocr...
reg 220 1872 1090 29
esg...
reg done...
ocr...
reg 160 1914 205 25
esg...
reg done...
ocr...
reg 117 1874 69 18
esg...
reg done...
ocr...
reg 220 1872 1090 29
esg...
reg done...
ocr...
reg 160 1914 205 25
esg...
reg done...
get ocr...
lines...
num...
lines: 56
ocr...
reg 126 646 57 18
esg...
reg done...
ocr...
reg 218 644 515 30
esg...
reg done...
ocr...
reg 741 651 48 18
esg...
reg done...
reg 798 644 347 30
esg...
reg done...
ocr...
reg 1249 656 7 18
esg...
reg done...
ocr...
reg 1313 657 6 18
esg...
reg done...
ocr...
reg 157 690 73 45
esg...
reg done...
ocr...
reg 479 704 79 19
esg...
reg done...
ocr...
reg 809 695 69 45
esg...
reg done...
ocr...
reg 1137 710 80 19
esg...
reg done...
ocr...
reg 125 758 57 18
esg...
reg done...
ocr...
reg 217 756 402 31
esg...
reg done...
ocr...
reg 627 762 55 19
esg...
reg done...
reg 691 756 627 31
esg...
reg done...
ocr...
reg 156 799 193 23
esg...
reg done...
ocr...
reg 1248 810 7 18
esg...
reg done...
ocr...
reg 1311 811 7 18
esg...
reg done...
ocr...
reg 156 842 66 19
esg...
reg done...
ocr...
reg 478 845 63 18
esg...
reg done...
ocr...
reg 807 847 64 19
esg...
reg done...
ocr...
reg 1136 850 66 19
esg...
reg done...
ocr...
reg 121 1123 58 18
esg...
reg done...
ocr...
ocr...
reg 223 1124 180 20
esg...
reg done...
reg 412 1123 732 29
esg...
reg done...
ocr...
reg 1151 1132 44 18
esg...
reg done...
reg 1203 1123 114 29
esg...
reg done...
ocr...
reg 154 1163 353 25
esg...
reg done...
ocr...
reg 1245 1174 7 19
esg...
reg done...
ocr...
reg 1308 1175 6 18
esg...
reg done...
ocr...
reg 153 1207 107 19
esg...
reg done...
ocr...
reg 475 1210 79 18
esg...
reg done...
ocr...
reg 804 1212 78 19
esg...
reg done...
ocr...
reg 1133 1215 79 18
esg...
reg done...
ocr...
reg 121 1263 57 18
esg...
reg done...
ocr...
reg 213 1252 272 46
esg...
reg done...
ocr...
reg 485 1251 22 22
esg...
reg done...
ocr...
reg 485 1279 22 22
esg...
reg done...
reg 508 1252 42 46
esg...
reg done...
ocr...
reg 550 1252 23 22
esg...
reg done...
ocr...
reg 550 1280 23 22
esg...
reg done...
reg 574 1252 283 46
esg...
reg done...
ocr...
reg 1244 1272 7 19
esg...
reg done...
ocr...
reg 1307 1273 7 18
esg...
reg done...
ocr...
reg 152 1319 106 19
esg...
reg done...
ocr...
reg 474 1322 142 18
esg...
reg done...
ocr...
reg 803 1323 195 22
esg...
reg done...
ocr...
reg 1132 1327 80 18
esg...
reg done...
ocr...
reg 120 1359 212 25
esg...
reg done...
ocr...
reg 123 1362 17 3
esg...
reg done...
ocr...
reg 120 1403 59 19
esg...
reg done...
ocr...
reg 217 1402 331 25
esg...
reg done...
ocr...
reg 658 1405 147 25
esg...
reg done...
ocr...
reg 966 1407 93 25
esg...
reg done...
ocr...
reg 119 1445 59 19
esg...
reg done...
ocr...
reg 216 1443 440 27
esg...
reg done...
ocr...
reg 766 1464 4 4
esg...
reg done...
ocr...
reg 119 1487 59 18
esg...
reg done...
ocr...
reg 214 1486 484 25
esg...
reg done...
ocr...
reg 700 1489 500 28
esg...
reg done...
ocr...
reg 805 1503 5 8
esg...
reg done...
ocr...
reg 1307 1504 4 12
esg...
reg done...
ocr...
reg 152 1527 408 25
esg...
reg done...
ocr...
reg 665 1547 4 4
esg...
reg done...
ocr...
reg 118 1571 57 18
esg...
reg done...
ocr...
reg 210 1569 993 30
esg...
reg done...
ocr...
reg 1304 1595 4 3
esg...
reg done...
ocr...
reg 117 1874 69 18
esg...
reg done...
ocr...
reg 220 1872 1090 29
esg...
reg done...
ocr...
reg 160 1914 205 25
esg...
reg done...
get ocr...
lines...
num...
lines: 56
ocr...
reg 126 646 57 18
esg...
reg done...
ocr...
reg 218 644 515 30
esg...
reg done...
ocr...
reg 741 651 48 18
esg...
reg done...
reg 798 644 347 30
esg...
reg done...
ocr...
reg 1249 656 7 18
esg...
reg done...
ocr...
reg 1313 657 6 18
esg...
reg done...
ocr...
reg 157 690 73 45
esg...
reg done...
ocr...
reg 479 704 79 19
esg...
reg done...
ocr...
reg 809 695 69 45
esg...
reg done...
ocr...
reg 1137 710 80 19
esg...
reg done...
ocr...
reg 125 758 57 18
esg...
reg done...
ocr...
reg 217 756 402 31
esg...
reg done...
ocr...
reg 627 762 55 19
esg...
reg done...
reg 691 756 627 31
esg...
reg done...
ocr...
reg 156 799 193 23
esg...
reg done...
ocr...
reg 1248 810 7 18
esg...
reg done...
ocr...
reg 1311 811 7 18
esg...
reg done...
ocr...
reg 156 842 66 19
esg...
reg done...
ocr...
reg 478 845 63 18
esg...
reg done...
ocr...
reg 807 847 64 19
esg...
reg done...
ocr...
reg 1136 850 66 19
esg...
reg done...
ocr...
reg 121 1123 58 18
esg...
reg done...
ocr...
ocr...
reg 223 1124 180 20
esg...
reg done...
reg 412 1123 732 29
esg...
reg done...
ocr...
reg 1151 1132 44 18
esg...
reg done...
reg 1203 1123 114 29
esg...
reg done...
ocr...
reg 154 1163 353 25
esg...
reg done...
ocr...
reg 1245 1174 7 19
esg...
reg done...
ocr...
reg 1308 1175 6 18
esg...
reg done...
ocr...
reg 153 1207 107 19
esg...
reg done...
ocr...
reg 475 1210 79 18
esg...
reg done...
ocr...
reg 804 1212 78 19
esg...
reg done...
ocr...
reg 1133 1215 79 18
esg...
reg done...
ocr...
reg 121 1263 57 18
esg...
reg done...
ocr...
reg 213 1252 272 46
esg...
reg done...
ocr...
reg 485 1251 22 22
esg...
reg done...
ocr...
reg 485 1279 22 22
esg...
reg done...
reg 508 1252 42 46
esg...
reg done...
ocr...
reg 550 1252 23 22
esg...
reg done...
ocr...
reg 550 1280 23 22
esg...
reg done...
reg 574 1252 283 46
esg...
reg done...
ocr...
reg 1244 1272 7 19
esg...
reg done...
ocr...
reg 1307 1273 7 18
esg...
reg done...
ocr...
reg 152 1319 106 19
esg...
reg done...
ocr...
reg 474 1322 142 18
esg...
reg done...
ocr...
reg 803 1323 195 22
esg...
reg done...
ocr...
reg 1132 1327 80 18
esg...
reg done...
ocr...
reg 120 1359 212 25
esg...
reg done...
ocr...
reg 123 1362 17 3
esg...
reg done...
ocr...
reg 120 1403 59 19
esg...
reg done...
ocr...
reg 217 1402 331 25
esg...
reg done...
ocr...
reg 658 1405 147 25
esg...
reg done...
ocr...
reg 966 1407 93 25
esg...
reg done...
ocr...
reg 119 1445 59 19
esg...
reg done...
ocr...
reg 216 1443 440 27
esg...
reg done...
ocr...
reg 766 1464 4 4
esg...
reg done...
ocr...
reg 119 1487 59 18
esg...
reg done...
ocr...
reg 214 1486 484 25
esg...
reg done...
ocr...
reg 700 1489 500 28
esg...
reg done...
ocr...
reg 805 1503 5 8
esg...
reg done...
ocr...
reg 1307 1504 4 12
esg...
reg done...
ocr...
reg 152 1527 408 25
esg...
reg done...
ocr...
reg 665 1547 4 4
esg...
reg done...
ocr...
reg 118 1571 57 18
esg...
reg done...
ocr...
reg 210 1569 993 30
esg...
reg done...
ocr...
reg 1304 1595 4 3
esg...
reg done...
ocr...
reg 117 1874 69 18
esg...
reg done...
ocr...
reg 220 1872 1090 29
esg...
reg done...
ocr...
reg 160 1914 205 25
esg...
reg done...
get ocr...
lines...
num...
lines: 56
ocr...
reg 126 646 57 18
esg...
reg done...
ocr...
reg 218 644 515 30
esg...
reg done...
ocr...
reg 741 651 48 18
esg...
reg done...
reg 798 644 347 30
esg...
reg done...
ocr...
reg 1249 656 7 18
esg...
reg done...
ocr...
reg 1313 657 6 18
esg...
reg done...
ocr...
reg 157 690 73 45
esg...
reg done...
ocr...
reg 479 704 79 19
esg...
reg done...
ocr...
reg 809 695 69 45
esg...
reg done...
ocr...
reg 1137 710 80 19
esg...
reg done...
ocr...
reg 126 646 57 18
esg...
reg done...
ocr...
reg 218 644 515 30
esg...
reg done...
ocr...
reg 741 651 48 18
esg...
reg done...
reg 798 644 347 30
esg...
reg done...
ocr...
reg 1249 656 7 18
esg...
reg done...
ocr...
reg 1313 657 6 18
esg...
reg done...
ocr...
reg 157 690 73 45
esg...
reg done...
ocr...
reg 479 704 79 19
esg...
reg done...
ocr...
reg 809 695 69 45
esg...
reg done...
ocr...
reg 1137 710 80 19
esg...
reg done...
ocr...
reg 125 758 57 18
esg...
reg done...
ocr...
reg 217 756 402 31
esg...
reg done...
ocr...
reg 627 762 55 19
esg...
reg done...
reg 691 756 627 31
esg...
reg done...
ocr...
reg 156 799 193 23
esg...
reg done...
ocr...
reg 1248 810 7 18
esg...
reg done...
ocr...
reg 1311 811 7 18
esg...
reg done...
ocr...
reg 156 842 66 19
esg...
reg done...
ocr...
reg 478 845 63 18
esg...
reg done...
ocr...
reg 807 847 64 19
esg...
reg done...
ocr...
reg 1136 850 66 19
esg...
reg done...
ocr...
reg 125 758 57 18
esg...
reg done...
ocr...
reg 217 756 402 31
esg...
reg done...
ocr...
reg 627 762 55 19
esg...
reg done...
reg 691 756 627 31
esg...
reg done...
ocr...
reg 156 799 193 23
esg...
reg done...
ocr...
reg 1248 810 7 18
esg...
reg done...
ocr...
reg 1311 811 7 18
esg...
reg done...
ocr...
reg 156 842 66 19
esg...
reg done...
ocr...
reg 478 845 63 18
esg...
reg done...
ocr...
reg 807 847 64 19
esg...
reg done...
ocr...
reg 1136 850 66 19
esg...
reg done...
ocr...
reg 121 1123 58 18
esg...
reg done...
ocr...
ocr...
reg 223 1124 180 20
esg...
reg done...
reg 412 1123 732 29
esg...
reg done...
ocr...
reg 1151 1132 44 18
esg...
reg done...
reg 1203 1123 114 29
esg...
reg done...
ocr...
reg 154 1163 353 25
esg...
reg done...
ocr...
reg 1245 1174 7 19
esg...
reg done...
ocr...
reg 1308 1175 6 18
esg...
reg done...
ocr...
reg 153 1207 107 19
esg...
reg done...
ocr...
reg 475 1210 79 18
esg...
reg done...
ocr...
reg 804 1212 78 19
esg...
reg done...
ocr...
reg 1133 1215 79 18
esg...
reg done...
ocr...
reg 121 1123 58 18
esg...
reg done...
ocr...
ocr...
reg 223 1124 180 20
esg...
reg done...
reg 412 1123 732 29
esg...
reg done...
ocr...
reg 1151 1132 44 18
esg...
reg done...
reg 1203 1123 114 29
esg...
reg done...
ocr...
reg 154 1163 353 25
esg...
reg done...
ocr...
reg 1245 1174 7 19
esg...
reg done...
ocr...
reg 1308 1175 6 18
esg...
reg done...
ocr...
reg 153 1207 107 19
esg...
reg done...
ocr...
reg 475 1210 79 18
esg...
reg done...
ocr...
reg 804 1212 78 19
esg...
reg done...
ocr...
reg 1133 1215 79 18
esg...
reg done...
ocr...
reg 121 1263 57 18
esg...
reg done...
ocr...
reg 213 1252 272 46
esg...
reg done...
ocr...
reg 485 1251 22 22
esg...
reg done...
ocr...
reg 485 1279 22 22
esg...
reg done...
reg 508 1252 42 46
esg...
reg done...
ocr...
reg 550 1252 23 22
esg...
reg done...
ocr...
reg 550 1280 23 22
esg...
reg done...
reg 574 1252 283 46
esg...
reg done...
ocr...
reg 1244 1272 7 19
esg...
reg done...
ocr...
reg 1307 1273 7 18
esg...
reg done...
ocr...
reg 152 1319 106 19
esg...
reg done...
ocr...
reg 474 1322 142 18
esg...
reg done...
ocr...
reg 803 1323 195 22
esg...
reg done...
ocr...
reg 1132 1327 80 18
esg...
reg done...
ocr...
reg 120 1359 212 25
esg...
reg done...
ocr...
reg 123 1362 17 3
esg...
reg done...
ocr...
reg 121 1263 57 18
esg...
reg done...
ocr...
reg 213 1252 272 46
esg...
reg done...
ocr...
reg 485 1251 22 22
esg...
reg done...
ocr...
reg 485 1279 22 22
esg...
reg done...
reg 508 1252 42 46
esg...
reg done...
ocr...
reg 550 1252 23 22
esg...
reg done...
ocr...
reg 550 1280 23 22
esg...
reg done...
reg 574 1252 283 46
esg...
reg done...
ocr...
reg 1244 1272 7 19
esg...
reg done...
ocr...
reg 1307 1273 7 18
esg...
reg done...
ocr...
reg 152 1319 106 19
esg...
reg done...
ocr...
reg 474 1322 142 18
esg...
reg done...
ocr...
reg 803 1323 195 22
esg...
reg done...
ocr...
reg 1132 1327 80 18
esg...
reg done...
ocr...
reg 120 1359 212 25
esg...
reg done...
ocr...
reg 123 1362 17 3
esg...
reg done...
ocr...
reg 120 1403 59 19
esg...
reg done...
ocr...
reg 217 1402 331 25
esg...
reg done...
ocr...
reg 658 1405 147 25
esg...
reg done...
ocr...
reg 966 1407 93 25
esg...
reg done...
ocr...
reg 120 1403 59 19
esg...
reg done...
ocr...
reg 217 1402 331 25
esg...
reg done...
ocr...
reg 658 1405 147 25
esg...
reg done...
ocr...
reg 966 1407 93 25
esg...
reg done...
ocr...
reg 119 1445 59 19
esg...
reg done...
ocr...
reg 216 1443 440 27
esg...
reg done...
ocr...
reg 766 1464 4 4
esg...
reg done...
ocr...
reg 119 1445 59 19
esg...
reg done...
ocr...
reg 216 1443 440 27
esg...
reg done...
ocr...
reg 766 1464 4 4
esg...
reg done...
ocr...
reg 119 1487 59 18
esg...
reg done...
ocr...
reg 214 1486 484 25
esg...
reg done...
ocr...
reg 700 1489 500 28
esg...
reg done...
ocr...
reg 805 1503 5 8
esg...
reg done...
ocr...
reg 1307 1504 4 12
esg...
reg done...
ocr...
reg 152 1527 408 25
esg...
reg done...
ocr...
reg 665 1547 4 4
esg...
reg done...
ocr...
reg 119 1487 59 18
esg...
reg done...
ocr...
reg 214 1486 484 25
esg...
reg done...
ocr...
reg 700 1489 500 28
esg...
reg done...
ocr...
reg 805 1503 5 8
esg...
reg done...
ocr...
reg 1307 1504 4 12
esg...
reg done...
ocr...
reg 152 1527 408 25
esg...
reg done...
ocr...
reg 665 1547 4 4
esg...
reg done...
ocr...
reg 118 1571 57 18
esg...
reg done...
ocr...
reg 210 1569 993 30
esg...
reg done...
ocr...
reg 1304 1595 4 3
esg...
reg done...
ocr...
reg 118 1571 57 18
esg...
reg done...
ocr...
reg 210 1569 993 30
esg...
reg done...
ocr...
reg 1304 1595 4 3
esg...
reg done...
ocr...
reg 117 1874 69 18
esg...
reg done...
ocr...
reg 220 1872 1090 29
esg...
reg done...
ocr...
reg 160 1914 205 25
esg...
reg done...
ocr...
reg 117 1874 69 18
esg...
reg done...
ocr...
reg 220 1872 1090 29
esg...
reg done...
ocr...
reg 160 1914 205 25
esg...
reg done...
get ocr...
lines...
num...
lines: 56
ocr...
reg 126 646 57 18
esg...
reg done...
ocr...
reg 218 644 515 30
esg...
reg done...
ocr...
reg 741 651 48 18
esg...
reg done...
reg 798 644 347 30
esg...
reg done...
ocr...
reg 1249 656 7 18
esg...
reg done...
ocr...
reg 1313 657 6 18
esg...
reg done...
ocr...
reg 157 690 73 45
esg...
reg done...
ocr...
reg 479 704 79 19
esg...
reg done...
ocr...
reg 809 695 69 45
esg...
reg done...
ocr...
reg 1137 710 80 19
esg...
reg done...
ocr...
reg 126 646 57 18
esg...
reg done...
ocr...
reg 218 644 515 30
esg...
reg done...
ocr...
reg 741 651 48 18
esg...
reg done...
reg 798 644 347 30
esg...
reg done...
ocr...
reg 1249 656 7 18
esg...
reg done...
ocr...
reg 1313 657 6 18
esg...
reg done...
ocr...
reg 157 690 73 45
esg...
reg done...
ocr...
reg 479 704 79 19
esg...
reg done...
ocr...
reg 809 695 69 45
esg...
reg done...
ocr...
reg 1137 710 80 19
esg...
reg done...
ocr...
reg 126 646 57 18
esg...
reg done...
ocr...
reg 218 644 515 30
esg...
reg done...
ocr...
reg 741 651 48 18
esg...
reg done...
reg 798 644 347 30
esg...
reg done...
ocr...
reg 1249 656 7 18
esg...
reg done...
ocr...
reg 1313 657 6 18
esg...
reg done...
ocr...
reg 157 690 73 45
esg...
reg done...
ocr...
reg 479 704 79 19
esg...
reg done...
ocr...
reg 809 695 69 45
esg...
reg done...
ocr...
reg 1137 710 80 19
esg...
reg done...
ocr...
reg 125 758 57 18
esg...
reg done...
ocr...
reg 217 756 402 31
esg...
reg done...
ocr...
reg 627 762 55 19
esg...
reg done...
reg 691 756 627 31
esg...
reg done...
ocr...
reg 156 799 193 23
esg...
reg done...
ocr...
reg 1248 810 7 18
esg...
reg done...
ocr...
reg 1311 811 7 18
esg...
reg done...
ocr...
reg 156 842 66 19
esg...
reg done...
ocr...
reg 478 845 63 18
esg...
reg done...
ocr...
reg 807 847 64 19
esg...
reg done...
ocr...
reg 1136 850 66 19
esg...
reg done...
ocr...
reg 125 758 57 18
esg...
reg done...
ocr...
reg 217 756 402 31
esg...
reg done...
ocr...
reg 627 762 55 19
esg...
reg done...
reg 691 756 627 31
esg...
reg done...
ocr...
reg 156 799 193 23
esg...
reg done...
ocr...
reg 1248 810 7 18
esg...
reg done...
ocr...
reg 1311 811 7 18
esg...
reg done...
ocr...
reg 156 842 66 19
esg...
reg done...
ocr...
reg 478 845 63 18
esg...
reg done...
ocr...
reg 807 847 64 19
esg...
reg done...
ocr...
reg 1136 850 66 19
esg...
reg done...
ocr...
reg 125 758 57 18
esg...
reg done...
ocr...
reg 217 756 402 31
esg...
reg done...
ocr...
reg 627 762 55 19
esg...
reg done...
reg 691 756 627 31
esg...
reg done...
ocr...
reg 156 799 193 23
esg...
reg done...
ocr...
reg 1248 810 7 18
esg...
reg done...
ocr...
reg 1311 811 7 18
esg...
reg done...
ocr...
reg 156 842 66 19
esg...
reg done...
ocr...
reg 478 845 63 18
esg...
reg done...
ocr...
reg 807 847 64 19
esg...
reg done...
ocr...
reg 1136 850 66 19
esg...
reg done...
ocr...
reg 121 1123 58 18
esg...
reg done...
ocr...
ocr...
reg 223 1124 180 20
esg...
reg done...
reg 412 1123 732 29
esg...
reg done...
ocr...
reg 1151 1132 44 18
esg...
reg done...
reg 1203 1123 114 29
esg...
reg done...
ocr...
reg 154 1163 353 25
esg...
reg done...
ocr...
reg 1245 1174 7 19
esg...
reg done...
ocr...
reg 1308 1175 6 18
esg...
reg done...
ocr...
reg 153 1207 107 19
esg...
reg done...
ocr...
reg 475 1210 79 18
esg...
reg done...
ocr...
reg 804 1212 78 19
esg...
reg done...
ocr...
reg 1133 1215 79 18
esg...
reg done...
ocr...
reg 121 1123 58 18
esg...
reg done...
ocr...
ocr...
reg 223 1124 180 20
esg...
reg done...
reg 412 1123 732 29
esg...
reg done...
ocr...
reg 1151 1132 44 18
esg...
reg done...
reg 1203 1123 114 29
esg...
reg done...
ocr...
reg 154 1163 353 25
esg...
reg done...
ocr...
reg 1245 1174 7 19
esg...
reg done...
ocr...
reg 1308 1175 6 18
esg...
reg done...
ocr...
reg 153 1207 107 19
esg...
reg done...
ocr...
reg 475 1210 79 18
esg...
reg done...
ocr...
reg 804 1212 78 19
esg...
reg done...
ocr...
reg 1133 1215 79 18
esg...
reg done...
ocr...
reg 121 1123 58 18
esg...
reg done...
ocr...
ocr...
reg 223 1124 180 20
esg...
reg done...
reg 412 1123 732 29
esg...
reg done...
ocr...
reg 1151 1132 44 18
esg...
reg done...
reg 1203 1123 114 29
esg...
reg done...
ocr...
reg 154 1163 353 25
esg...
reg done...
ocr...
reg 1245 1174 7 19
esg...
reg done...
ocr...
reg 1308 1175 6 18
esg...
reg done...
ocr...
reg 153 1207 107 19
esg...
reg done...
ocr...
reg 475 1210 79 18
esg...
reg done...
ocr...
reg 804 1212 78 19
esg...
reg done...
ocr...
reg 1133 1215 79 18
esg...
reg done...
ocr...
reg 121 1263 57 18
esg...
reg done...
ocr...
reg 213 1252 272 46
esg...
reg done...
ocr...
reg 485 1251 22 22
esg...
reg done...
ocr...
reg 485 1279 22 22
esg...
reg done...
reg 508 1252 42 46
esg...
reg done...
ocr...
reg 550 1252 23 22
esg...
reg done...
ocr...
reg 550 1280 23 22
esg...
reg done...
reg 574 1252 283 46
esg...
reg done...
ocr...
reg 1244 1272 7 19
esg...
reg done...
ocr...
reg 1307 1273 7 18
esg...
reg done...
ocr...
reg 152 1319 106 19
esg...
reg done...
ocr...
reg 474 1322 142 18
esg...
reg done...
ocr...
reg 803 1323 195 22
esg...
reg done...
ocr...
reg 1132 1327 80 18
esg...
reg done...
ocr...
reg 120 1359 212 25
esg...
reg done...
ocr...
reg 123 1362 17 3
esg...
reg done...
ocr...
reg 121 1263 57 18
esg...
reg done...
ocr...
reg 213 1252 272 46
esg...
reg done...
ocr...
reg 485 1251 22 22
esg...
reg done...
ocr...
reg 485 1279 22 22
esg...
reg done...
reg 508 1252 42 46
esg...
reg done...
ocr...
reg 550 1252 23 22
esg...
reg done...
ocr...
reg 550 1280 23 22
esg...
reg done...
reg 574 1252 283 46
esg...
reg done...
ocr...
reg 1244 1272 7 19
esg...
reg done...
ocr...
reg 1307 1273 7 18
esg...
reg done...
ocr...
reg 152 1319 106 19
esg...
reg done...
ocr...
reg 474 1322 142 18
esg...
reg done...
ocr...
reg 803 1323 195 22
esg...
reg done...
ocr...
reg 1132 1327 80 18
esg...
reg done...
ocr...
reg 120 1359 212 25
esg...
reg done...
ocr...
reg 123 1362 17 3
esg...
reg done...
ocr...
reg 121 1263 57 18
esg...
reg done...
ocr...
reg 213 1252 272 46
esg...
reg done...
ocr...
reg 485 1251 22 22
esg...
reg done...
ocr...
reg 485 1279 22 22
esg...
reg done...
reg 508 1252 42 46
esg...
reg done...
ocr...
reg 550 1252 23 22
esg...
reg done...
ocr...
reg 550 1280 23 22
esg...
reg done...
reg 574 1252 283 46
esg...
reg done...
ocr...
reg 1244 1272 7 19
esg...
reg done...
ocr...
reg 1307 1273 7 18
esg...
reg done...
ocr...
reg 152 1319 106 19
esg...
reg done...
ocr...
reg 474 1322 142 18
esg...
reg done...
ocr...
reg 803 1323 195 22
esg...
reg done...
ocr...
reg 1132 1327 80 18
esg...
reg done...
ocr...
reg 120 1359 212 25
esg...
reg done...
ocr...
reg 123 1362 17 3
esg...
reg done...
ocr...
reg 120 1403 59 19
esg...
reg done...
ocr...
reg 217 1402 331 25
esg...
reg done...
ocr...
reg 658 1405 147 25
esg...
reg done...
ocr...
reg 966 1407 93 25
esg...
reg done...
ocr...
reg 120 1403 59 19
esg...
reg done...
ocr...
reg 217 1402 331 25
esg...
reg done...
ocr...
reg 658 1405 147 25
esg...
reg done...
ocr...
reg 966 1407 93 25
esg...
reg done...
ocr...
reg 120 1403 59 19
esg...
reg done...
ocr...
reg 217 1402 331 25
esg...
reg done...
ocr...
reg 658 1405 147 25
esg...
reg done...
ocr...
reg 966 1407 93 25
esg...
reg done...
ocr...
reg 119 1445 59 19
esg...
reg done...
ocr...
reg 216 1443 440 27
esg...
reg done...
ocr...
reg 766 1464 4 4
esg...
reg done...
ocr...
reg 119 1445 59 19
esg...
reg done...
ocr...
reg 216 1443 440 27
esg...
reg done...
ocr...
reg 766 1464 4 4
esg...
reg done...
ocr...
reg 119 1445 59 19
esg...
reg done...
ocr...
reg 216 1443 440 27
esg...
reg done...
ocr...
reg 766 1464 4 4
esg...
reg done...
ocr...
reg 119 1487 59 18
esg...
reg done...
ocr...
reg 214 1486 484 25
esg...
reg done...
ocr...
reg 700 1489 500 28
esg...
reg done...
ocr...
reg 805 1503 5 8
esg...
reg done...
ocr...
reg 1307 1504 4 12
esg...
reg done...
ocr...
reg 152 1527 408 25
esg...
reg done...
ocr...
reg 665 1547 4 4
esg...
reg done...
ocr...
reg 119 1487 59 18
esg...
reg done...
ocr...
reg 214 1486 484 25
esg...
reg done...
ocr...
reg 700 1489 500 28
esg...
reg done...
ocr...
reg 805 1503 5 8
esg...
reg done...
ocr...
reg 1307 1504 4 12
esg...
reg done...
ocr...
reg 152 1527 408 25
esg...
reg done...
ocr...
reg 665 1547 4 4
esg...
reg done...
ocr...
reg 119 1487 59 18
esg...
reg done...
ocr...
reg 214 1486 484 25
esg...
reg done...
ocr...
reg 700 1489 500 28
esg...
reg done...
ocr...
reg 805 1503 5 8
esg...
reg done...
ocr...
reg 1307 1504 4 12
esg...
reg done...
ocr...
reg 152 1527 408 25
esg...
reg done...
ocr...
reg 665 1547 4 4
esg...
reg done...
ocr...
reg 118 1571 57 18
esg...
reg done...
ocr...
reg 210 1569 993 30
esg...
reg done...
ocr...
reg 1304 1595 4 3
esg...
reg done...
ocr...
reg 118 1571 57 18
esg...
reg done...
ocr...
reg 210 1569 993 30
esg...
reg done...
ocr...
reg 1304 1595 4 3
esg...
reg done...
ocr...
reg 118 1571 57 18
esg...
reg done...
ocr...
reg 210 1569 993 30
esg...
reg done...
ocr...
reg 1304 1595 4 3
esg...
reg done...
ocr...
reg 117 1874 69 18
esg...
reg done...
ocr...
reg 220 1872 1090 29
esg...
reg done...
ocr...
reg 160 1914 205 25
esg...
reg done...
ocr...
reg 117 1874 69 18
esg...
reg done...
ocr...
reg 220 1872 1090 29
esg...
reg done...
ocr...
reg 160 1914 205 25
esg...
reg done...
ocr...
reg 117 1874 69 18
esg...
reg done...
ocr...
reg 220 1872 1090 29
esg...
reg done...
ocr...
reg 160 1914 205 25
esg...
reg done...
get ocr...
lines...
num...
lines: 56
ocr...
reg 126 646 57 18
esg...
reg done...
ocr...
reg 218 644 515 30
esg...
reg done...
ocr...
reg 741 651 48 18
esg...
reg done...
reg 798 644 347 30
esg...
reg done...
ocr...
reg 1249 656 7 18
esg...
reg done...
ocr...
reg 1313 657 6 18
esg...
reg done...
ocr...
reg 157 690 73 45
esg...
reg done...
ocr...
reg 479 704 79 19
esg...
reg done...
ocr...
reg 809 695 69 45
esg...
reg done...
ocr...
reg 1137 710 80 19
esg...
reg done...
get ocr...
lines...
num...
lines: 56
ocr...
reg 126 646 57 18
esg...
reg done...
ocr...
reg 218 644 515 30
esg...
reg done...
ocr...
reg 741 651 48 18
esg...
reg done...
reg 798 644 347 30
esg...
reg done...
ocr...
reg 1249 656 7 18
esg...
reg done...
ocr...
reg 1313 657 6 18
esg...
reg done...
ocr...
reg 157 690 73 45
esg...
reg done...
ocr...
reg 479 704 79 19
esg...
reg done...
ocr...
reg 809 695 69 45
esg...
reg done...
ocr...
reg 1137 710 80 19
esg...
reg done...
get ocr...
lines...
num...
lines: 56
ocr...
reg 126 646 57 18
esg...
reg done...
ocr...
reg 218 644 515 30
esg...
reg done...
ocr...
reg 741 651 48 18
esg...
reg done...
reg 798 644 347 30
esg...
reg done...
ocr...
reg 1249 656 7 18
esg...
reg done...
ocr...
reg 1313 657 6 18
esg...
reg done...
ocr...
reg 157 690 73 45
esg...
reg done...
ocr...
reg 479 704 79 19
esg...
reg done...
ocr...
reg 809 695 69 45
esg...
reg done...
ocr...
reg 1137 710 80 19
esg...
reg done...
ocr...
reg 125 758 57 18
esg...
reg done...
ocr...
reg 217 756 402 31
esg...
reg done...
ocr...
reg 627 762 55 19
esg...
reg done...
reg 691 756 627 31
esg...
reg done...
ocr...
reg 156 799 193 23
esg...
reg done...
ocr...
reg 1248 810 7 18
esg...
reg done...
ocr...
reg 1311 811 7 18
esg...
reg done...
ocr...
reg 156 842 66 19
esg...
reg done...
ocr...
reg 478 845 63 18
esg...
reg done...
ocr...
reg 807 847 64 19
esg...
reg done...
ocr...
reg 1136 850 66 19
esg...
reg done...
ocr...
reg 121 1123 58 18
esg...
reg done...
ocr...
ocr...
reg 223 1124 180 20
esg...
reg done...
reg 412 1123 732 29
esg...
reg done...
ocr...
reg 1151 1132 44 18
esg...
reg done...
reg 1203 1123 114 29
esg...
reg done...
ocr...
reg 154 1163 353 25
esg...
reg done...
ocr...
reg 1245 1174 7 19
esg...
reg done...
ocr...
reg 1308 1175 6 18
esg...
reg done...
ocr...
reg 153 1207 107 19
esg...
reg done...
ocr...
reg 475 1210 79 18
esg...
reg done...
ocr...
reg 804 1212 78 19
esg...
reg done...
ocr...
reg 1133 1215 79 18
esg...
reg done...
ocr...
reg 121 1263 57 18
esg...
reg done...
ocr...
reg 213 1252 272 46
esg...
reg done...
ocr...
reg 485 1251 22 22
esg...
reg done...
ocr...
reg 485 1279 22 22
esg...
reg done...
reg 508 1252 42 46
esg...
reg done...
ocr...
reg 550 1252 23 22
esg...
reg done...
ocr...
reg 550 1280 23 22
esg...
reg done...
reg 574 1252 283 46
esg...
reg done...
ocr...
reg 1244 1272 7 19
esg...
reg done...
ocr...
reg 1307 1273 7 18
esg...
reg done...
ocr...
reg 152 1319 106 19
esg...
reg done...
ocr...
reg 474 1322 142 18
esg...
reg done...
ocr...
reg 803 1323 195 22
esg...
reg done...
ocr...
reg 1132 1327 80 18
esg...
reg done...
ocr...
reg 120 1359 212 25
esg...
reg done...
ocr...
reg 123 1362 17 3
esg...
reg done...
ocr...
reg 120 1403 59 19
esg...
reg done...
ocr...
reg 217 1402 331 25
esg...
reg done...
ocr...
reg 658 1405 147 25
esg...
reg done...
ocr...
reg 966 1407 93 25
esg...
reg done...
ocr...
reg 119 1445 59 19
esg...
reg done...
ocr...
reg 216 1443 440 27
esg...
reg done...
ocr...
reg 766 1464 4 4
esg...
reg done...
ocr...
reg 119 1487 59 18
esg...
reg done...
ocr...
reg 214 1486 484 25
esg...
reg done...
ocr...
reg 700 1489 500 28
esg...
reg done...
ocr...
reg 805 1503 5 8
esg...
reg done...
ocr...
reg 1307 1504 4 12
esg...
reg done...
ocr...
reg 152 1527 408 25
esg...
reg done...
ocr...
reg 665 1547 4 4
esg...
reg done...
ocr...
reg 118 1571 57 18
esg...
reg done...
ocr...
reg 210 1569 993 30
esg...
reg done...
ocr...
reg 1304 1595 4 3
esg...
reg done...
ocr...
reg 117 1874 69 18
esg...
reg done...
ocr...
reg 220 1872 1090 29
esg...
reg done...
ocr...
reg 160 1914 205 25
esg...
reg done...
get ocr...
lines...
num...
lines: 56
ocr...
reg 126 646 57 18
esg...
reg done...
ocr...
reg 218 644 515 30
esg...
reg done...
ocr...
reg 741 651 48 18
esg...
reg done...
reg 798 644 347 30
esg...
reg done...
ocr...
reg 1249 656 7 18
esg...
reg done...
ocr...
reg 1313 657 6 18
esg...
reg done...
ocr...
reg 157 690 73 45
esg...
reg done...
ocr...
reg 479 704 79 19
esg...
reg done...
ocr...
reg 809 695 69 45
esg...
reg done...
ocr...
reg 1137 710 80 19
esg...
reg done...
ocr...
reg 125 758 57 18
esg...
reg done...
ocr...
reg 217 756 402 31
esg...
reg done...
ocr...
reg 627 762 55 19
esg...
reg done...
reg 691 756 627 31
esg...
reg done...
ocr...
reg 156 799 193 23
esg...
reg done...
ocr...
reg 1248 810 7 18
esg...
reg done...
ocr...
reg 1311 811 7 18
esg...
reg done...
ocr...
reg 156 842 66 19
esg...
reg done...
ocr...
reg 478 845 63 18
esg...
reg done...
ocr...
reg 807 847 64 19
esg...
reg done...
ocr...
reg 1136 850 66 19
esg...
reg done...
ocr...
reg 121 1123 58 18
esg...
reg done...
ocr...
ocr...
reg 223 1124 180 20
esg...
reg done...
reg 412 1123 732 29
esg...
reg done...
ocr...
reg 1151 1132 44 18
esg...
reg done...
reg 1203 1123 114 29
esg...
reg done...
ocr...
reg 154 1163 353 25
esg...
reg done...
ocr...
reg 1245 1174 7 19
esg...
reg done...
ocr...
reg 1308 1175 6 18
esg...
reg done...
ocr...
reg 153 1207 107 19
esg...
reg done...
ocr...
reg 475 1210 79 18
esg...
reg done...
ocr...
reg 804 1212 78 19
esg...
reg done...
ocr...
reg 1133 1215 79 18
esg...
reg done...
ocr...
reg 121 1263 57 18
esg...
reg done...
ocr...
reg 213 1252 272 46
esg...
reg done...
ocr...
reg 485 1251 22 22
esg...
reg done...
ocr...
reg 485 1279 22 22
esg...
reg done...
reg 508 1252 42 46
esg...
reg done...
ocr...
reg 550 1252 23 22
esg...
reg done...
ocr...
reg 550 1280 23 22
esg...
reg done...
reg 574 1252 283 46
esg...
reg done...
ocr...
reg 1244 1272 7 19
esg...
reg done...
ocr...
reg 1307 1273 7 18
esg...
reg done...
ocr...
reg 152 1319 106 19
esg...
reg done...
ocr...
reg 474 1322 142 18
esg...
reg done...
ocr...
reg 803 1323 195 22
esg...
reg done...
ocr...
reg 1132 1327 80 18
esg...
reg done...
ocr...
reg 120 1359 212 25
esg...
reg done...
ocr...
reg 123 1362 17 3
esg...
reg done...
ocr...
reg 120 1403 59 19
esg...
reg done...
ocr...
reg 217 1402 331 25
esg...
reg done...
ocr...
reg 658 1405 147 25
esg...
reg done...
ocr...
reg 966 1407 93 25
esg...
reg done...
ocr...
reg 119 1445 59 19
esg...
reg done...
ocr...
reg 216 1443 440 27
esg...
reg done...
ocr...
reg 766 1464 4 4
esg...
reg done...
ocr...
reg 119 1487 59 18
esg...
reg done...
ocr...
reg 214 1486 484 25
esg...
reg done...
ocr...
reg 700 1489 500 28
esg...
reg done...
ocr...
reg 805 1503 5 8
esg...
reg done...
ocr...
reg 1307 1504 4 12
esg...
reg done...
ocr...
reg 152 1527 408 25
esg...
reg done...
ocr...
reg 665 1547 4 4
esg...
reg done...
ocr...
reg 118 1571 57 18
esg...
reg done...
ocr...
reg 210 1569 993 30
esg...
reg done...
ocr...
reg 1304 1595 4 3
esg...
reg done...
ocr...
reg 117 1874 69 18
esg...
reg done...
ocr...
reg 220 1872 1090 29
esg...
reg done...
ocr...
reg 160 1914 205 25
esg...
reg done...
get ocr...
lines...
num...
lines: 56
ocr...
reg 126 646 57 18
esg...
reg done...
ocr...
reg 218 644 515 30
esg...
reg done...
ocr...
reg 741 651 48 18
esg...
reg done...
reg 798 644 347 30
esg...
reg done...
ocr...
reg 1249 656 7 18
esg...
reg done...
ocr...
reg 1313 657 6 18
esg...
reg done...
ocr...
reg 157 690 73 45
esg...
reg done...
ocr...
reg 479 704 79 19
esg...
reg done...
ocr...
reg 809 695 69 45
esg...
reg done...
ocr...
reg 1137 710 80 19
esg...
reg done...
ocr...
reg 125 758 57 18
esg...
reg done...
ocr...
reg 217 756 402 31
esg...
reg done...
ocr...
reg 627 762 55 19
esg...
reg done...
reg 691 756 627 31
esg...
reg done...
ocr...
reg 156 799 193 23
esg...
reg done...
ocr...
reg 1248 810 7 18
esg...
reg done...
ocr...
reg 1311 811 7 18
esg...
reg done...
ocr...
reg 156 842 66 19
esg...
reg done...
ocr...
reg 478 845 63 18
esg...
reg done...
ocr...
reg 807 847 64 19
esg...
reg done...
ocr...
reg 1136 850 66 19
esg...
reg done...
ocr...
reg 121 1123 58 18
esg...
reg done...
ocr...
ocr...
reg 223 1124 180 20
esg...
reg done...
reg 412 1123 732 29
esg...
reg done...
ocr...
reg 1151 1132 44 18
esg...
reg done...
reg 1203 1123 114 29
esg...
reg done...
ocr...
reg 154 1163 353 25
esg...
reg done...
ocr...
reg 1245 1174 7 19
esg...
reg done...
ocr...
reg 1308 1175 6 18
esg...
reg done...
ocr...
reg 153 1207 107 19
esg...
reg done...
ocr...
reg 475 1210 79 18
esg...
reg done...
ocr...
reg 804 1212 78 19
esg...
reg done...
ocr...
reg 1133 1215 79 18
esg...
reg done...
ocr...
reg 121 1263 57 18
esg...
reg done...
ocr...
reg 213 1252 272 46
esg...
reg done...
ocr...
reg 485 1251 22 22
esg...
reg done...
ocr...
reg 485 1279 22 22
esg...
reg done...
reg 508 1252 42 46
esg...
reg done...
ocr...
reg 550 1252 23 22
esg...
reg done...
ocr...
reg 550 1280 23 22
esg...
reg done...
reg 574 1252 283 46
esg...
reg done...
ocr...
reg 1244 1272 7 19
esg...
reg done...
ocr...
reg 1307 1273 7 18
esg...
reg done...
ocr...
reg 152 1319 106 19
esg...
reg done...
ocr...
reg 474 1322 142 18
esg...
reg done...
ocr...
reg 803 1323 195 22
esg...
reg done...
ocr...
reg 1132 1327 80 18
esg...
reg done...
ocr...
reg 120 1359 212 25
esg...
reg done...
ocr...
reg 123 1362 17 3
esg...
reg done...
ocr...
reg 120 1403 59 19
esg...
reg done...
ocr...
reg 217 1402 331 25
esg...
reg done...
ocr...
reg 658 1405 147 25
esg...
reg done...
ocr...
reg 966 1407 93 25
esg...
reg done...
ocr...
reg 119 1445 59 19
esg...
reg done...
ocr...
reg 216 1443 440 27
esg...
reg done...
ocr...
reg 766 1464 4 4
esg...
reg done...
ocr...
reg 119 1487 59 18
esg...
reg done...
ocr...
reg 214 1486 484 25
esg...
reg done...
ocr...
reg 700 1489 500 28
esg...
reg done...
ocr...
reg 805 1503 5 8
esg...
reg done...
ocr...
reg 1307 1504 4 12
esg...
reg done...
ocr...
reg 152 1527 408 25
esg...
reg done...
ocr...
reg 665 1547 4 4
esg...
reg done...
ocr...
reg 118 1571 57 18
esg...
reg done...
ocr...
reg 210 1569 993 30
esg...
reg done...
ocr...
reg 1304 1595 4 3
esg...
reg done...
ocr...
reg 117 1874 69 18
esg...
reg done...
ocr...
reg 220 1872 1090 29
esg...
reg done...
ocr...
reg 160 1914 205 25
esg...
reg done...
get ocr...
lines...
num...
lines: 65
ocr...
reg 238 521 58 19
esg...
reg done...
ocr...
reg 333 520 987 33
esg...
reg done...
ocr...
reg 269 562 207 23
esg...
reg done...
ocr...
reg 1250 572 7 18
esg...
reg done...
ocr...
reg 1313 573 7 18
esg...
reg done...
ocr...
reg 268 603 81 22
esg...
reg done...
ocr...
reg 480 607 78 18
esg...
reg done...
ocr...
reg 809 609 78 19
esg...
reg done...
ocr...
reg 1138 612 79 19
esg...
reg done...
ocr...
reg 126 646 57 18
esg...
reg done...
ocr...
reg 218 644 515 30
esg...
reg done...
ocr...
reg 741 651 48 18
esg...
reg done...
reg 798 644 347 30
esg...
reg done...
ocr...
reg 1249 656 7 18
esg...
reg done...
ocr...
reg 1313 657 6 18
esg...
reg done...
ocr...
reg 157 690 73 45
esg...
reg done...
ocr...
reg 479 704 79 19
esg...
reg done...
ocr...
reg 809 695 69 45
esg...
reg done...
ocr...
reg 1137 710 80 19
esg...
reg done...
ocr...
reg 126 646 57 18
esg...
reg done...
ocr...
reg 218 644 515 30
esg...
reg done...
ocr...
reg 741 651 48 18
esg...
reg done...
reg 798 644 347 30
esg...
reg done...
ocr...
reg 1249 656 7 18
esg...
reg done...
ocr...
reg 1313 657 6 18
esg...
reg done...
ocr...
reg 157 690 73 45
esg...
reg done...
ocr...
reg 479 704 79 19
esg...
reg done...
ocr...
reg 809 695 69 45
esg...
reg done...
ocr...
reg 1137 710 80 19
esg...
reg done...
ocr...
reg 125 758 57 18
esg...
reg done...
ocr...
reg 217 756 402 31
esg...
reg done...
ocr...
reg 627 762 55 19
esg...
reg done...
reg 691 756 627 31
esg...
reg done...
ocr...
reg 156 799 193 23
esg...
reg done...
ocr...
reg 1248 810 7 18
esg...
reg done...
ocr...
reg 1311 811 7 18
esg...
reg done...
ocr...
reg 156 842 66 19
esg...
reg done...
ocr...
reg 478 845 63 18
esg...
reg done...
ocr...
reg 807 847 64 19
esg...
reg done...
ocr...
reg 1136 850 66 19
esg...
reg done...
ocr...
reg 125 758 57 18
esg...
reg done...
ocr...
reg 217 756 402 31
esg...
reg done...
ocr...
reg 627 762 55 19
esg...
reg done...
reg 691 756 627 31
esg...
reg done...
ocr...
reg 156 799 193 23
esg...
reg done...
ocr...
reg 1248 810 7 18
esg...
reg done...
ocr...
reg 1311 811 7 18
esg...
reg done...
ocr...
reg 156 842 66 19
esg...
reg done...
ocr...
reg 478 845 63 18
esg...
reg done...
ocr...
reg 807 847 64 19
esg...
reg done...
ocr...
reg 1136 850 66 19
esg...
reg done...
ocr...
reg 121 1123 58 18
esg...
reg done...
ocr...
ocr...
reg 223 1124 180 20
esg...
reg done...
reg 412 1123 732 29
esg...
reg done...
ocr...
reg 1151 1132 44 18
esg...
reg done...
reg 1203 1123 114 29
esg...
reg done...
ocr...
reg 154 1163 353 25
esg...
reg done...
ocr...
reg 1245 1174 7 19
esg...
reg done...
ocr...
reg 1308 1175 6 18
esg...
reg done...
ocr...
reg 153 1207 107 19
esg...
reg done...
ocr...
reg 475 1210 79 18
esg...
reg done...
ocr...
reg 804 1212 78 19
esg...
reg done...
ocr...
reg 1133 1215 79 18
esg...
reg done...
ocr...
reg 121 1123 58 18
esg...
reg done...
ocr...
ocr...
reg 223 1124 180 20
esg...
reg done...
reg 412 1123 732 29
esg...
reg done...
ocr...
reg 1151 1132 44 18
esg...
reg done...
reg 1203 1123 114 29
esg...
reg done...
ocr...
reg 154 1163 353 25
esg...
reg done...
ocr...
reg 1245 1174 7 19
esg...
reg done...
ocr...
reg 1308 1175 6 18
esg...
reg done...
ocr...
reg 153 1207 107 19
esg...
reg done...
ocr...
reg 475 1210 79 18
esg...
reg done...
ocr...
reg 804 1212 78 19
esg...
reg done...
ocr...
reg 1133 1215 79 18
esg...
reg done...
ocr...
reg 121 1263 57 18
esg...
reg done...
ocr...
reg 213 1252 272 46
esg...
reg done...
ocr...
reg 485 1251 22 22
esg...
reg done...
ocr...
reg 485 1279 22 22
esg...
reg done...
reg 508 1252 42 46
esg...
reg done...
ocr...
reg 550 1252 23 22
esg...
reg done...
ocr...
reg 550 1280 23 22
esg...
reg done...
reg 574 1252 283 46
esg...
reg done...
ocr...
reg 1244 1272 7 19
esg...
reg done...
ocr...
reg 1307 1273 7 18
esg...
reg done...
ocr...
reg 152 1319 106 19
esg...
reg done...
ocr...
reg 474 1322 142 18
esg...
reg done...
ocr...
reg 803 1323 195 22
esg...
reg done...
ocr...
reg 1132 1327 80 18
esg...
reg done...
ocr...
reg 120 1359 212 25
esg...
reg done...
ocr...
reg 123 1362 17 3
esg...
reg done...
ocr...
reg 121 1263 57 18
esg...
reg done...
ocr...
reg 213 1252 272 46
esg...
reg done...
ocr...
reg 485 1251 22 22
esg...
reg done...
ocr...
reg 485 1279 22 22
esg...
reg done...
reg 508 1252 42 46
esg...
reg done...
ocr...
reg 550 1252 23 22
esg...
reg done...
ocr...
reg 550 1280 23 22
esg...
reg done...
reg 574 1252 283 46
esg...
reg done...
ocr...
reg 1244 1272 7 19
esg...
reg done...
ocr...
reg 1307 1273 7 18
esg...
reg done...
ocr...
reg 152 1319 106 19
esg...
reg done...
ocr...
reg 474 1322 142 18
esg...
reg done...
ocr...
reg 803 1323 195 22
esg...
reg done...
ocr...
reg 1132 1327 80 18
esg...
reg done...
ocr...
reg 120 1359 212 25
esg...
reg done...
ocr...
reg 123 1362 17 3
esg...
reg done...
ocr...
reg 120 1403 59 19
esg...
reg done...
ocr...
reg 217 1402 331 25
esg...
reg done...
ocr...
reg 658 1405 147 25
esg...
reg done...
ocr...
reg 966 1407 93 25
esg...
reg done...
ocr...
reg 120 1403 59 19
esg...
reg done...
ocr...
reg 217 1402 331 25
esg...
reg done...
ocr...
reg 658 1405 147 25
esg...
reg done...
ocr...
reg 966 1407 93 25
esg...
reg done...
ocr...
reg 119 1445 59 19
esg...
reg done...
ocr...
reg 216 1443 440 27
esg...
reg done...
ocr...
reg 766 1464 4 4
esg...
reg done...
ocr...
reg 119 1445 59 19
esg...
reg done...
ocr...
reg 216 1443 440 27
esg...
reg done...
ocr...
reg 766 1464 4 4
esg...
reg done...
ocr...
reg 119 1487 59 18
esg...
reg done...
ocr...
reg 214 1486 484 25
esg...
reg done...
ocr...
reg 700 1489 500 28
esg...
reg done...
ocr...
reg 805 1503 5 8
esg...
reg done...
ocr...
reg 1307 1504 4 12
esg...
reg done...
ocr...
reg 152 1527 408 25
esg...
reg done...
ocr...
reg 665 1547 4 4
esg...
reg done...
ocr...
reg 119 1487 59 18
esg...
reg done...
ocr...
reg 214 1486 484 25
esg...
reg done...
ocr...
reg 700 1489 500 28
esg...
reg done...
ocr...
reg 805 1503 5 8
esg...
reg done...
ocr...
reg 1307 1504 4 12
esg...
reg done...
ocr...
reg 152 1527 408 25
esg...
reg done...
ocr...
reg 665 1547 4 4
esg...
reg done...
ocr...
reg 118 1571 57 18
esg...
reg done...
ocr...
reg 210 1569 993 30
esg...
reg done...
ocr...
reg 1304 1595 4 3
esg...
reg done...
ocr...
reg 118 1571 57 18
esg...
reg done...
ocr...
reg 210 1569 993 30
esg...
reg done...
ocr...
reg 1304 1595 4 3
esg...
reg done...
ocr...
reg 117 1874 69 18
esg...
reg done...
ocr...
reg 220 1872 1090 29
esg...
reg done...
ocr...
reg 160 1914 205 25
esg...
reg done...
ocr...
reg 117 1874 69 18
esg...
reg done...
ocr...
reg 220 1872 1090 29
esg...
reg done...
ocr...
reg 160 1914 205 25
esg...
reg done...
get ocr...
lines...
num...
lines: 56
ocr...
reg 126 646 57 18
esg...
reg done...
ocr...
reg 218 644 515 30
esg...
reg done...
ocr...
reg 741 651 48 18
esg...
reg done...
reg 798 644 347 30
esg...
reg done...
ocr...
reg 1249 656 7 18
esg...
reg done...
ocr...
reg 1313 657 6 18
esg...
reg done...
ocr...
reg 157 690 73 45
esg...
reg done...
ocr...
reg 479 704 79 19
esg...
reg done...
ocr...
reg 809 695 69 45
esg...
reg done...
ocr...
reg 1137 710 80 19
esg...
reg done...
ocr...
reg 125 758 57 18
esg...
reg done...
ocr...
reg 217 756 402 31
esg...
reg done...
ocr...
reg 627 762 55 19
esg...
reg done...
reg 691 756 627 31
esg...
reg done...
ocr...
reg 156 799 193 23
esg...
reg done...
ocr...
reg 1248 810 7 18
esg...
reg done...
ocr...
reg 1311 811 7 18
esg...
reg done...
ocr...
reg 156 842 66 19
esg...
reg done...
ocr...
reg 478 845 63 18
esg...
reg done...
ocr...
reg 807 847 64 19
esg...
reg done...
ocr...
reg 1136 850 66 19
esg...
reg done...
ocr...
reg 121 1123 58 18
esg...
reg done...
ocr...
ocr...
reg 223 1124 180 20
esg...
reg done...
reg 412 1123 732 29
esg...
reg done...
ocr...
reg 1151 1132 44 18
esg...
reg done...
reg 1203 1123 114 29
esg...
reg done...
ocr...
reg 154 1163 353 25
esg...
reg done...
ocr...
reg 1245 1174 7 19
esg...
reg done...
ocr...
reg 1308 1175 6 18
esg...
reg done...
ocr...
reg 153 1207 107 19
esg...
reg done...
ocr...
reg 475 1210 79 18
esg...
reg done...
ocr...
reg 804 1212 78 19
esg...
reg done...
ocr...
reg 1133 1215 79 18
esg...
reg done...
ocr...
reg 121 1263 57 18
esg...
reg done...
ocr...
reg 213 1252 272 46
esg...
reg done...
ocr...
reg 485 1251 22 22
esg...
reg done...
ocr...
reg 485 1279 22 22
esg...
reg done...
reg 508 1252 42 46
esg...
reg done...
ocr...
reg 550 1252 23 22
esg...
reg done...
ocr...
reg 550 1280 23 22
esg...
reg done...
reg 574 1252 283 46
esg...
reg done...
ocr...
reg 1244 1272 7 19
esg...
reg done...
ocr...
reg 1307 1273 7 18
esg...
reg done...
ocr...
reg 152 1319 106 19
esg...
reg done...
ocr...
reg 474 1322 142 18
esg...
reg done...
ocr...
reg 803 1323 195 22
esg...
reg done...
ocr...
reg 1132 1327 80 18
esg...
reg done...
ocr...
reg 120 1359 212 25
esg...
reg done...
ocr...
reg 123 1362 17 3
esg...
reg done...
ocr...
reg 120 1403 59 19
esg...
reg done...
ocr...
reg 217 1402 331 25
esg...
reg done...
ocr...
reg 658 1405 147 25
esg...
reg done...
ocr...
reg 966 1407 93 25
esg...
reg done...
ocr...
reg 119 1445 59 19
esg...
reg done...
ocr...
reg 216 1443 440 27
esg...
reg done...
ocr...
reg 766 1464 4 4
esg...
reg done...
ocr...
reg 119 1487 59 18
esg...
reg done...
ocr...
reg 214 1486 484 25
esg...
reg done...
ocr...
reg 700 1489 500 28
esg...
reg done...
ocr...
reg 805 1503 5 8
esg...
reg done...
ocr...
reg 1307 1504 4 12
esg...
reg done...
ocr...
reg 152 1527 408 25
esg...
reg done...
ocr...
reg 665 1547 4 4
esg...
reg done...
ocr...
reg 118 1571 57 18
esg...
reg done...
ocr...
reg 210 1569 993 30
esg...
reg done...
ocr...
reg 1304 1595 4 3
esg...
reg done...
ocr...
reg 117 1874 69 18
esg...
reg done...
ocr...
reg 220 1872 1090 29
esg...
reg done...
ocr...
reg 160 1914 205 25
esg...
reg done...
get ocr...
lines...
num...
lines: 56
ocr...
reg 126 646 57 18
esg...
reg done...
ocr...
reg 218 644 515 30
esg...
reg done...
ocr...
reg 741 651 48 18
esg...
reg done...
reg 798 644 347 30
esg...
reg done...
ocr...
reg 1249 656 7 18
esg...
reg done...
ocr...
reg 1313 657 6 18
esg...
reg done...
ocr...
reg 157 690 73 45
esg...
reg done...
ocr...
reg 479 704 79 19
esg...
reg done...
ocr...
reg 809 695 69 45
esg...
reg done...
ocr...
reg 1137 710 80 19
esg...
reg done...
ocr...
reg 125 758 57 18
esg...
reg done...
ocr...
reg 217 756 402 31
esg...
reg done...
ocr...
reg 627 762 55 19
esg...
reg done...
reg 691 756 627 31
esg...
reg done...
ocr...
reg 156 799 193 23
esg...
reg done...
ocr...
reg 1248 810 7 18
esg...
reg done...
ocr...
reg 1311 811 7 18
esg...
reg done...
ocr...
reg 156 842 66 19
esg...
reg done...
ocr...
reg 478 845 63 18
esg...
reg done...
ocr...
reg 807 847 64 19
esg...
reg done...
ocr...
reg 1136 850 66 19
esg...
reg done...
ocr...
reg 121 1123 58 18
esg...
reg done...
ocr...
ocr...
reg 223 1124 180 20
esg...
reg done...
reg 412 1123 732 29
esg...
reg done...
ocr...
reg 1151 1132 44 18
esg...
reg done...
reg 1203 1123 114 29
esg...
reg done...
ocr...
reg 154 1163 353 25
esg...
reg done...
ocr...
reg 1245 1174 7 19
esg...
reg done...
ocr...
reg 1308 1175 6 18
esg...
reg done...
ocr...
reg 153 1207 107 19
esg...
reg done...
ocr...
reg 475 1210 79 18
esg...
reg done...
ocr...
reg 804 1212 78 19
esg...
reg done...
ocr...
reg 1133 1215 79 18
esg...
reg done...
ocr...
reg 121 1263 57 18
esg...
reg done...
ocr...
reg 213 1252 272 46
esg...
reg done...
ocr...
reg 485 1251 22 22
esg...
reg done...
ocr...
reg 485 1279 22 22
esg...
reg done...
reg 508 1252 42 46
esg...
reg done...
ocr...
reg 550 1252 23 22
esg...
reg done...
ocr...
reg 550 1280 23 22
esg...
reg done...
reg 574 1252 283 46
esg...
reg done...
ocr...
reg 1244 1272 7 19
esg...
reg done...
ocr...
reg 1307 1273 7 18
esg...
reg done...
ocr...
reg 152 1319 106 19
esg...
reg done...
ocr...
reg 474 1322 142 18
esg...
reg done...
ocr...
reg 803 1323 195 22
esg...
reg done...
ocr...
reg 1132 1327 80 18
esg...
reg done...
ocr...
reg 120 1359 212 25
esg...
reg done...
ocr...
reg 123 1362 17 3
esg...
reg done...
ocr...
reg 120 1403 59 19
esg...
reg done...
ocr...
reg 217 1402 331 25
esg...
reg done...
ocr...
reg 658 1405 147 25
esg...
reg done...
ocr...
reg 966 1407 93 25
esg...
reg done...
ocr...
reg 119 1445 59 19
esg...
reg done...
ocr...
reg 216 1443 440 27
esg...
reg done...
ocr...
reg 766 1464 4 4
esg...
reg done...
ocr...
reg 119 1487 59 18
esg...
reg done...
ocr...
reg 214 1486 484 25
esg...
reg done...
ocr...
reg 700 1489 500 28
esg...
reg done...
ocr...
reg 805 1503 5 8
esg...
reg done...
ocr...
reg 1307 1504 4 12
esg...
reg done...
ocr...
reg 152 1527 408 25
esg...
reg done...
ocr...
reg 665 1547 4 4
esg...
reg done...
ocr...
reg 118 1571 57 18
esg...
reg done...
ocr...
reg 210 1569 993 30
esg...
reg done...
ocr...
reg 1304 1595 4 3
esg...
reg done...
ocr...
reg 117 1874 69 18
esg...
reg done...
ocr...
reg 220 1872 1090 29
esg...
reg done...
ocr...
reg 160 1914 205 25
esg...
reg done...
get ocr...
lines...
num...
lines: 56
ocr...
reg 126 646 57 18
esg...
reg done...
ocr...
reg 218 644 515 30
esg...
reg done...
ocr...
reg 741 651 48 18
esg...
reg done...
reg 798 644 347 30
esg...
reg done...
ocr...
reg 1249 656 7 18
esg...
reg done...
ocr...
reg 1313 657 6 18
esg...
reg done...
ocr...
reg 157 690 73 45
esg...
reg done...
ocr...
reg 479 704 79 19
esg...
reg done...
ocr...
reg 809 695 69 45
esg...
reg done...
ocr...
reg 1137 710 80 19
esg...
reg done...
ocr...
reg 125 758 57 18
esg...
reg done...
ocr...
reg 217 756 402 31
esg...
reg done...
ocr...
reg 627 762 55 19
esg...
reg done...
reg 691 756 627 31
esg...
reg done...
ocr...
reg 156 799 193 23
esg...
reg done...
ocr...
reg 1248 810 7 18
esg...
reg done...
ocr...
reg 1311 811 7 18
esg...
reg done...
ocr...
reg 156 842 66 19
esg...
reg done...
ocr...
reg 478 845 63 18
esg...
reg done...
ocr...
reg 807 847 64 19
esg...
reg done...
ocr...
reg 1136 850 66 19
esg...
reg done...
ocr...
reg 121 1123 58 18
esg...
reg done...
ocr...
ocr...
reg 223 1124 180 20
esg...
reg done...
reg 412 1123 732 29
esg...
reg done...
ocr...
reg 1151 1132 44 18
esg...
reg done...
reg 1203 1123 114 29
esg...
reg done...
ocr...
reg 154 1163 353 25
esg...
reg done...
ocr...
reg 1245 1174 7 19
esg...
reg done...
ocr...
reg 1308 1175 6 18
esg...
reg done...
ocr...
reg 153 1207 107 19
esg...
reg done...
ocr...
reg 475 1210 79 18
esg...
reg done...
ocr...
reg 804 1212 78 19
esg...
reg done...
ocr...
reg 1133 1215 79 18
esg...
reg done...
ocr...
reg 121 1263 57 18
esg...
reg done...
ocr...
reg 213 1252 272 46
esg...
reg done...
ocr...
reg 485 1251 22 22
esg...
reg done...
ocr...
reg 485 1279 22 22
esg...
reg done...
reg 508 1252 42 46
esg...
reg done...
ocr...
reg 550 1252 23 22
esg...
reg done...
ocr...
reg 550 1280 23 22
esg...
reg done...
reg 574 1252 283 46
esg...
reg done...
ocr...
reg 1244 1272 7 19
esg...
reg done...
ocr...
reg 1307 1273 7 18
esg...
reg done...
ocr...
reg 152 1319 106 19
esg...
reg done...
ocr...
reg 474 1322 142 18
esg...
reg done...
ocr...
reg 803 1323 195 22
esg...
reg done...
ocr...
reg 1132 1327 80 18
esg...
reg done...
ocr...
reg 120 1359 212 25
esg...
reg done...
ocr...
reg 123 1362 17 3
esg...
reg done...
ocr...
reg 120 1403 59 19
esg...
reg done...
ocr...
reg 217 1402 331 25
esg...
reg done...
ocr...
reg 658 1405 147 25
esg...
reg done...
ocr...
reg 966 1407 93 25
esg...
reg done...
ocr...
reg 119 1445 59 19
esg...
reg done...
ocr...
reg 216 1443 440 27
esg...
reg done...
ocr...
reg 766 1464 4 4
esg...
reg done...
ocr...
reg 119 1487 59 18
esg...
reg done...
ocr...
reg 214 1486 484 25
esg...
reg done...
ocr...
reg 700 1489 500 28
esg...
reg done...
ocr...
reg 805 1503 5 8
esg...
reg done...
ocr...
reg 1307 1504 4 12
esg...
reg done...
ocr...
reg 152 1527 408 25
esg...
reg done...
ocr...
reg 665 1547 4 4
esg...
reg done...
ocr...
reg 118 1571 57 18
esg...
reg done...
ocr...
reg 210 1569 993 30
esg...
reg done...
ocr...
reg 1304 1595 4 3
esg...
reg done...
ocr...
reg 117 1874 69 18
esg...
reg done...
ocr...
reg 220 1872 1090 29
esg...
reg done...
ocr...
reg 160 1914 205 25
esg...
reg done...
get ocr...
lines...
num...
lines: 56
ocr...
reg 126 646 57 18
esg...
reg done...
ocr...
reg 218 644 515 30
esg...
reg done...
ocr...
reg 741 651 48 18
esg...
reg done...
reg 798 644 347 30
esg...
reg done...
ocr...
reg 1249 656 7 18
esg...
reg done...
ocr...
reg 1313 657 6 18
esg...
reg done...
ocr...
reg 157 690 73 45
esg...
reg done...
ocr...
reg 479 704 79 19
esg...
reg done...
ocr...
reg 809 695 69 45
esg...
reg done...
ocr...
reg 1137 710 80 19
esg...
reg done...
ocr...
reg 125 758 57 18
esg...
reg done...
ocr...
reg 217 756 402 31
esg...
reg done...
ocr...
reg 627 762 55 19
esg...
reg done...
reg 691 756 627 31
esg...
reg done...
ocr...
reg 156 799 193 23
esg...
reg done...
ocr...
reg 1248 810 7 18
esg...
reg done...
ocr...
reg 1311 811 7 18
esg...
reg done...
ocr...
reg 156 842 66 19
esg...
reg done...
ocr...
reg 478 845 63 18
esg...
reg done...
ocr...
reg 807 847 64 19
esg...
reg done...
ocr...
reg 1136 850 66 19
esg...
reg done...
ocr...
reg 121 1123 58 18
esg...
reg done...
ocr...
ocr...
reg 223 1124 180 20
esg...
reg done...
reg 412 1123 732 29
esg...
reg done...
ocr...
reg 1151 1132 44 18
esg...
reg done...
reg 1203 1123 114 29
esg...
reg done...
ocr...
reg 154 1163 353 25
esg...
reg done...
ocr...
reg 1245 1174 7 19
esg...
reg done...
ocr...
reg 1308 1175 6 18
esg...
reg done...
ocr...
reg 153 1207 107 19
esg...
reg done...
ocr...
reg 475 1210 79 18
esg...
reg done...
ocr...
reg 804 1212 78 19
esg...
reg done...
ocr...
reg 1133 1215 79 18
esg...
reg done...
ocr...
reg 121 1263 57 18
esg...
reg done...
ocr...
reg 213 1252 272 46
esg...
reg done...
ocr...
reg 485 1251 22 22
esg...
reg done...
ocr...
reg 485 1279 22 22
esg...
reg done...
reg 508 1252 42 46
esg...
reg done...
ocr...
reg 550 1252 23 22
esg...
reg done...
ocr...
reg 550 1280 23 22
esg...
reg done...
reg 574 1252 283 46
esg...
reg done...
ocr...
reg 1244 1272 7 19
esg...
reg done...
ocr...
reg 1307 1273 7 18
esg...
reg done...
ocr...
reg 152 1319 106 19
esg...
reg done...
ocr...
reg 474 1322 142 18
esg...
reg done...
ocr...
reg 803 1323 195 22
esg...
reg done...
ocr...
reg 1132 1327 80 18
esg...
reg done...
ocr...
reg 120 1359 212 25
esg...
reg done...
ocr...
reg 123 1362 17 3
esg...
reg done...
ocr...
reg 120 1403 59 19
esg...
reg done...
ocr...
reg 217 1402 331 25
esg...
reg done...
ocr...
reg 658 1405 147 25
esg...
reg done...
ocr...
reg 966 1407 93 25
esg...
reg done...
ocr...
reg 119 1445 59 19
esg...
reg done...
ocr...
reg 216 1443 440 27
esg...
reg done...
ocr...
reg 766 1464 4 4
esg...
reg done...
ocr...
reg 119 1487 59 18
esg...
reg done...
ocr...
reg 214 1486 484 25
esg...
reg done...
ocr...
reg 700 1489 500 28
esg...
reg done...
ocr...
reg 805 1503 5 8
esg...
reg done...
ocr...
reg 1307 1504 4 12
esg...
reg done...
ocr...
reg 152 1527 408 25
esg...
reg done...
ocr...
reg 665 1547 4 4
esg...
reg done...
ocr...
reg 118 1571 57 18
esg...
reg done...
ocr...
reg 210 1569 993 30
esg...
reg done...
ocr...
reg 1304 1595 4 3
esg...
reg done...
ocr...
reg 117 1874 69 18
esg...
reg done...
ocr...
reg 220 1872 1090 29
esg...
reg done...
ocr...
reg 160 1914 205 25
esg...
reg done...
get ocr...
lines...
num...
lines: 56
ocr...
reg 126 646 57 18
esg...
reg done...
ocr...
reg 218 644 515 30
esg...
reg done...
ocr...
reg 741 651 48 18
esg...
reg done...
reg 798 644 347 30
esg...
reg done...
ocr...
reg 1249 656 7 18
esg...
reg done...
ocr...
reg 1313 657 6 18
esg...
reg done...
ocr...
reg 157 690 73 45
esg...
reg done...
ocr...
reg 479 704 79 19
esg...
reg done...
ocr...
reg 809 695 69 45
esg...
reg done...
ocr...
reg 1137 710 80 19
esg...
reg done...
ocr...
reg 125 758 57 18
esg...
reg done...
ocr...
reg 217 756 402 31
esg...
reg done...
ocr...
reg 627 762 55 19
esg...
reg done...
reg 691 756 627 31
esg...
reg done...
ocr...
reg 156 799 193 23
esg...
reg done...
ocr...
reg 1248 810 7 18
esg...
reg done...
ocr...
reg 1311 811 7 18
esg...
reg done...
ocr...
reg 156 842 66 19
esg...
reg done...
ocr...
reg 478 845 63 18
esg...
reg done...
ocr...
reg 807 847 64 19
esg...
reg done...
ocr...
reg 1136 850 66 19
esg...
reg done...
ocr...
reg 121 1123 58 18
esg...
reg done...
ocr...
ocr...
reg 223 1124 180 20
esg...
reg done...
reg 412 1123 732 29
esg...
reg done...
ocr...
reg 1151 1132 44 18
esg...
reg done...
reg 1203 1123 114 29
esg...
reg done...
ocr...
reg 154 1163 353 25
esg...
reg done...
ocr...
reg 1245 1174 7 19
esg...
reg done...
ocr...
reg 1308 1175 6 18
esg...
reg done...
ocr...
reg 153 1207 107 19
esg...
reg done...
ocr...
reg 475 1210 79 18
esg...
reg done...
ocr...
reg 804 1212 78 19
esg...
reg done...
ocr...
reg 1133 1215 79 18
esg...
reg done...
ocr...
reg 121 1263 57 18
esg...
reg done...
ocr...
reg 213 1252 272 46
esg...
reg done...
ocr...
reg 485 1251 22 22
esg...
reg done...
ocr...
reg 485 1279 22 22
esg...
reg done...
reg 508 1252 42 46
esg...
reg done...
ocr...
reg 550 1252 23 22
esg...
reg done...
ocr...
reg 550 1280 23 22
esg...
reg done...
reg 574 1252 283 46
esg...
reg done...
ocr...
reg 1244 1272 7 19
esg...
reg done...
ocr...
reg 1307 1273 7 18
esg...
reg done...
ocr...
reg 152 1319 106 19
esg...
reg done...
ocr...
reg 474 1322 142 18
esg...
reg done...
ocr...
reg 803 1323 195 22
esg...
reg done...
ocr...
reg 1132 1327 80 18
esg...
reg done...
ocr...
reg 120 1359 212 25
get ocr...
lines...
num...
lines: 59
ocr...
reg 403 413 139 25
esg...
reg done...
ocr...
reg 606 416 154 25
esg...
reg done...
ocr...
reg 823 417 111 25
esg...
reg done...
ocr...
reg 126 646 57 18
esg...
reg done...
ocr...
reg 218 644 515 30
esg...
reg done...
ocr...
reg 741 651 48 18
esg...
reg done...
reg 798 644 347 30
esg...
reg done...
ocr...
reg 1249 656 7 18
esg...
reg done...
ocr...
reg 1313 657 6 18
esg...
reg done...
ocr...
reg 157 690 73 45
esg...
reg done...
ocr...
reg 479 704 79 19
esg...
reg done...
ocr...
reg 809 695 69 45
esg...
reg done...
ocr...
reg 1137 710 80 19
esg...
reg done...
ocr...
reg 125 758 57 18
esg...
reg done...
ocr...
reg 217 756 402 31
esg...
reg done...
ocr...
reg 627 762 55 19
esg...
reg done...
reg 691 756 627 31
esg...
reg done...
ocr...
reg 156 799 193 23
esg...
reg done...
ocr...
reg 1248 810 7 18
esg...
reg done...
ocr...
reg 1311 811 7 18
esg...
reg done...
ocr...
reg 156 842 66 19
esg...
reg done...
ocr...
reg 478 845 63 18
esg...
reg done...
ocr...
reg 807 847 64 19
esg...
reg done...
ocr...
reg 1136 850 66 19
esg...
reg done...
ocr...
reg 121 1123 58 18
esg...
reg done...
ocr...
ocr...
reg 223 1124 180 20
esg...
reg done...
reg 412 1123 732 29
esg...
reg done...
ocr...
reg 1151 1132 44 18
esg...
reg done...
reg 1203 1123 114 29
esg...
reg done...
ocr...
reg 154 1163 353 25
esg...
reg done...
ocr...
reg 1245 1174 7 19
esg...
reg done...
ocr...
reg 1308 1175 6 18
esg...
reg done...
ocr...
reg 153 1207 107 19
esg...
reg done...
ocr...
reg 475 1210 79 18
esg...
reg done...
ocr...
reg 804 1212 78 19
esg...
reg done...
ocr...
reg 1133 1215 79 18
esg...
reg done...
ocr...
reg 121 1263 57 18
esg...
reg done...
ocr...
reg 213 1252 272 46
esg...
reg done...
ocr...
reg 485 1251 22 22
esg...
reg done...
ocr...
reg 485 1279 22 22
esg...
reg done...
reg 508 1252 42 46
esg...
reg done...
ocr...
reg 550 1252 23 22
esg...
reg done...
ocr...
reg 550 1280 23 22
esg...
reg done...
reg 574 1252 283 46
esg...
reg done...
ocr...
reg 1244 1272 7 19
esg...
reg done...
ocr...
reg 1307 1273 7 18
esg...
reg done...
ocr...
reg 152 1319 106 19
esg...
reg done...
ocr...
reg 474 1322 142 18
esg...
reg done...
ocr...
reg 803 1323 195 22
esg...
reg done...
ocr...
reg 1132 1327 80 18
esg...
reg done...
ocr...
reg 120 1359 212 25
esg...
reg done...
ocr...
reg 123 1362 17 3
esg...
reg done...
ocr...
reg 120 1403 59 19
esg...
reg done...
ocr...
reg 217 1402 331 25
esg...
reg done...
ocr...
reg 658 1405 147 25
esg...
reg done...
ocr...
reg 966 1407 93 25
esg...
reg done...
ocr...
reg 119 1445 59 19
esg...
reg done...
ocr...
reg 216 1443 440 27
esg...
reg done...
ocr...
reg 766 1464 4 4
esg...
reg done...
ocr...
reg 119 1487 59 18
