e:\c++project_git\imageedit_sciter\pc_imageedit_sciter\pc_imageedit_sciter\release\pc_imageedit_sciter.pch
e:\c++project_git\imageedit_sciter\pc_imageedit_sciter\pc_imageedit_sciter\release\vc120.pdb
e:\c++project_git\imageedit_sciter\pc_imageedit_sciter\pc_imageedit_sciter\release\stdafx.obj
e:\c++project_git\imageedit_sciter\pc_imageedit_sciter\pc_imageedit_sciter\release\strcoding.obj
e:\c++project_git\imageedit_sciter\pc_imageedit_sciter\pc_imageedit_sciter\release\pdf2png.obj
e:\c++project_git\imageedit_sciter\pc_imageedit_sciter\pc_imageedit_sciter\release\mupdfconvert.obj
e:\c++project_git\imageedit_sciter\pc_imageedit_sciter\pc_imageedit_sciter\release\imageeditapp.obj
e:\c++project_git\imageedit_sciter\pc_imageedit_sciter\pc_imageedit_sciter\release\mainfrm.obj
e:\c++project_git\imageedit_sciter\pc_imageedit_sciter\pc_imageedit_sciter\release\copyimagetoclipboard.obj
e:\c++project_git\imageedit_sciter\pc_imageedit_sciter\pc_imageedit_sciter\release\childview.obj
e:\c++project_git\imageedit_sciter\pc_imageedit_sciter\release\pc_imageedit_sciter.exe
e:\c++project_git\imageedit_sciter\pc_imageedit_sciter\release\pc_imageedit_sciter.lib
e:\c++project_git\imageedit_sciter\pc_imageedit_sciter\release\pc_imageedit_sciter.exp
e:\c++project_git\imageedit_sciter\pc_imageedit_sciter\pc_imageedit_sciter\release\pc_imageedit_sciter.res
e:\c++project_git\imageedit_sciter\pc_imageedit_sciter\pc_imageedit_sciter\release\pc_image.49bdd044.tlog\cl.command.1.tlog
e:\c++project_git\imageedit_sciter\pc_imageedit_sciter\pc_imageedit_sciter\release\pc_image.49bdd044.tlog\cl.read.1.tlog
e:\c++project_git\imageedit_sciter\pc_imageedit_sciter\pc_imageedit_sciter\release\pc_image.49bdd044.tlog\cl.write.1.tlog
e:\c++project_git\imageedit_sciter\pc_imageedit_sciter\pc_imageedit_sciter\release\pc_image.49bdd044.tlog\link.command.1.tlog
e:\c++project_git\imageedit_sciter\pc_imageedit_sciter\pc_imageedit_sciter\release\pc_image.49bdd044.tlog\link.read.1.tlog
e:\c++project_git\imageedit_sciter\pc_imageedit_sciter\pc_imageedit_sciter\release\pc_image.49bdd044.tlog\link.write.1.tlog
e:\c++project_git\imageedit_sciter\pc_imageedit_sciter\pc_imageedit_sciter\release\pc_image.49bdd044.tlog\pc_imageedit_sciter.write.1u.tlog
e:\c++project_git\imageedit_sciter\pc_imageedit_sciter\pc_imageedit_sciter\release\pc_image.49bdd044.tlog\rc.command.1.tlog
e:\c++project_git\imageedit_sciter\pc_imageedit_sciter\pc_imageedit_sciter\release\pc_image.49bdd044.tlog\rc.read.1.tlog
e:\c++project_git\imageedit_sciter\pc_imageedit_sciter\pc_imageedit_sciter\release\pc_image.49bdd044.tlog\rc.write.1.tlog
